<?xml version="1.0" encoding="UTF-8"?>
<robot generator="Robot 6.1.1 (Python 3.10.12 on win32)" generated="20240314 12:16:25.578" rpa="false" schemaversion="4">
<suite id="s1" name="Createscheduled" source="c:\Users\nico2\Documents\AllRide\Robocorp AllRide\admin\test cases\scheduled flow\createscheduled.robot">
<test id="s1-t1" name="Set Date Variables" line="29">
<kw name="Get Current Date" library="DateTime">
<var>${fecha_hoy}</var>
<arg>result_format=%Y-%m-%d</arg>
<doc>Returns current local or UTC time with an optional increment.</doc>
<msg timestamp="20240314 12:16:29.315" level="INFO">${fecha_hoy} = 2024-03-14</msg>
<status status="PASS" starttime="20240314 12:16:29.314" endtime="20240314 12:16:29.319"/>
</kw>
<kw name="Set Global Variable" library="BuiltIn">
<arg>${fecha_hoy}</arg>
<doc>Makes a variable available globally in all tests and suites.</doc>
<msg timestamp="20240314 12:16:29.320" level="INFO">${fecha_hoy} = 2024-03-14</msg>
<status status="PASS" starttime="20240314 12:16:29.320" endtime="20240314 12:16:29.320"/>
</kw>
<kw name="Add Time To Date" library="DateTime">
<var>${fecha_manana}</var>
<arg>${fecha_hoy}</arg>
<arg>1 days</arg>
<arg>result_format=%Y-%m-%d</arg>
<doc>Adds time to date and returns the resulting date.</doc>
<msg timestamp="20240314 12:16:29.337" level="INFO">${fecha_manana} = 2024-03-15</msg>
<status status="PASS" starttime="20240314 12:16:29.321" endtime="20240314 12:16:29.338"/>
</kw>
<kw name="Set Global Variable" library="BuiltIn">
<arg>${fecha_manana}</arg>
<doc>Makes a variable available globally in all tests and suites.</doc>
<msg timestamp="20240314 12:16:29.339" level="INFO">${fecha_manana} = 2024-03-15</msg>
<status status="PASS" starttime="20240314 12:16:29.338" endtime="20240314 12:16:29.339"/>
</kw>
<kw name="Add Time To Date" library="DateTime">
<var>${fecha_pasado_manana}</var>
<arg>${fecha_hoy}</arg>
<arg>2 days</arg>
<arg>result_format=%Y-%m-%d</arg>
<doc>Adds time to date and returns the resulting date.</doc>
<msg timestamp="20240314 12:16:29.341" level="INFO">${fecha_pasado_manana} = 2024-03-16</msg>
<status status="PASS" starttime="20240314 12:16:29.340" endtime="20240314 12:16:29.341"/>
</kw>
<kw name="Set Global Variable" library="BuiltIn">
<arg>${fecha_pasado_manana}</arg>
<doc>Makes a variable available globally in all tests and suites.</doc>
<msg timestamp="20240314 12:16:29.342" level="INFO">${fecha_pasado_manana} = 2024-03-16</msg>
<status status="PASS" starttime="20240314 12:16:29.342" endtime="20240314 12:16:29.342"/>
</kw>
<kw name="Add Time To Date" library="DateTime">
<var>${fecha_pasado_pasado_manana}</var>
<arg>${fecha_hoy}</arg>
<arg>3 days</arg>
<arg>result_format=%Y-%m-%d</arg>
<doc>Adds time to date and returns the resulting date.</doc>
<msg timestamp="20240314 12:16:29.344" level="INFO">${fecha_pasado_pasado_manana} = 2024-03-17</msg>
<status status="PASS" starttime="20240314 12:16:29.343" endtime="20240314 12:16:29.344"/>
</kw>
<kw name="Set Global Variable" library="BuiltIn">
<arg>${fecha_pasado_pasado_manana}</arg>
<doc>Makes a variable available globally in all tests and suites.</doc>
<msg timestamp="20240314 12:16:29.346" level="INFO">${fecha_pasado_pasado_manana} = 2024-03-17</msg>
<status status="PASS" starttime="20240314 12:16:29.345" endtime="20240314 12:16:29.346"/>
</kw>
<kw name="Convert Date" library="DateTime">
<var>${dia_actual}</var>
<arg>${fecha_hoy}</arg>
<arg>result_format=%a</arg>
<doc>Converts between supported `date formats`.</doc>
<msg timestamp="20240314 12:16:29.348" level="INFO">${dia_actual} = Thu</msg>
<status status="PASS" starttime="20240314 12:16:29.347" endtime="20240314 12:16:29.348"/>
</kw>
<kw name="Set Variable" library="BuiltIn">
<var>${dia_actual_lower}</var>
<arg>${dia_actual.lower()}</arg>
<doc>Returns the given values which can then be assigned to a variables.</doc>
<msg timestamp="20240314 12:16:29.351" level="INFO">${dia_actual_lower} = thu</msg>
<status status="PASS" starttime="20240314 12:16:29.349" endtime="20240314 12:16:29.351"/>
</kw>
<kw name="Set Variable" library="BuiltIn">
<var>${arrival_date}</var>
<arg>${fecha_manana}T01:00:00.000Z</arg>
<doc>Returns the given values which can then be assigned to a variables.</doc>
<msg timestamp="20240314 12:16:29.352" level="INFO">${arrival_date} = 2024-03-15T01:00:00.000Z</msg>
<status status="PASS" starttime="20240314 12:16:29.351" endtime="20240314 12:16:29.352"/>
</kw>
<kw name="Set Global Variable" library="BuiltIn">
<arg>${arrival_date}</arg>
<doc>Makes a variable available globally in all tests and suites.</doc>
<msg timestamp="20240314 12:16:29.353" level="INFO">${arrival_date} = 2024-03-15T01:00:00.000Z</msg>
<status status="PASS" starttime="20240314 12:16:29.353" endtime="20240314 12:16:29.353"/>
</kw>
<kw name="Set Variable" library="BuiltIn">
<var>${r_estimated_arrival1}</var>
<arg>${fecha_manana}T14:45:57.000Z</arg>
<doc>Returns the given values which can then be assigned to a variables.</doc>
<msg timestamp="20240314 12:16:29.355" level="INFO">${r_estimated_arrival1} = 2024-03-15T14:45:57.000Z</msg>
<status status="PASS" starttime="20240314 12:16:29.354" endtime="20240314 12:16:29.355"/>
</kw>
<kw name="Set Global Variable" library="BuiltIn">
<arg>${r_estimated_arrival1}</arg>
<doc>Makes a variable available globally in all tests and suites.</doc>
<msg timestamp="20240314 12:16:29.357" level="INFO">${r_estimated_arrival1} = 2024-03-15T14:45:57.000Z</msg>
<status status="PASS" starttime="20240314 12:16:29.355" endtime="20240314 12:16:29.357"/>
</kw>
<kw name="Set Variable" library="BuiltIn">
<var>${service_date}</var>
<arg>${fecha_manana}T00:25:29.000Z</arg>
<doc>Returns the given values which can then be assigned to a variables.</doc>
<msg timestamp="20240314 12:16:29.358" level="INFO">${service_date} = 2024-03-15T00:25:29.000Z</msg>
<status status="PASS" starttime="20240314 12:16:29.357" endtime="20240314 12:16:29.358"/>
</kw>
<kw name="Set Global Variable" library="BuiltIn">
<arg>${service_date}</arg>
<doc>Makes a variable available globally in all tests and suites.</doc>
<msg timestamp="20240314 12:16:29.360" level="INFO">${service_date} = 2024-03-15T00:25:29.000Z</msg>
<status status="PASS" starttime="20240314 12:16:29.359" endtime="20240314 12:16:29.360"/>
</kw>
<kw name="Set Variable" library="BuiltIn">
<var>${modified_arrival_date}</var>
<arg>${fecha_manana}T01:00:00.000Z</arg>
<doc>Returns the given values which can then be assigned to a variables.</doc>
<msg timestamp="20240314 12:16:29.362" level="INFO">${modified_arrival_date} = 2024-03-15T01:00:00.000Z</msg>
<status status="PASS" starttime="20240314 12:16:29.361" endtime="20240314 12:16:29.362"/>
</kw>
<kw name="Set Global Variable" library="BuiltIn">
<arg>${modified_arrival_date}</arg>
<doc>Makes a variable available globally in all tests and suites.</doc>
<msg timestamp="20240314 12:16:29.364" level="INFO">${modified_arrival_date} = 2024-03-15T01:00:00.000Z</msg>
<status status="PASS" starttime="20240314 12:16:29.363" endtime="20240314 12:16:29.364"/>
</kw>
<kw name="Set Variable" library="BuiltIn">
<var>${r_modified_estimated_arrival}</var>
<arg>${fecha_pasado_manana}T14:45:57.000Z</arg>
<doc>Returns the given values which can then be assigned to a variables.</doc>
<msg timestamp="20240314 12:16:29.366" level="INFO">${r_modified_estimated_arrival} = 2024-03-16T14:45:57.000Z</msg>
<status status="PASS" starttime="20240314 12:16:29.365" endtime="20240314 12:16:29.367"/>
</kw>
<kw name="Set Global Variable" library="BuiltIn">
<arg>${r_modified_estimated_arrival}</arg>
<doc>Makes a variable available globally in all tests and suites.</doc>
<msg timestamp="20240314 12:16:29.368" level="INFO">${r_modified_estimated_arrival} = 2024-03-16T14:45:57.000Z</msg>
<status status="PASS" starttime="20240314 12:16:29.367" endtime="20240314 12:16:29.368"/>
</kw>
<kw name="Set Variable" library="BuiltIn">
<var>${modified_service_date}</var>
<arg>${fecha_manana}T00:25:29.000Z</arg>
<doc>Returns the given values which can then be assigned to a variables.</doc>
<msg timestamp="20240314 12:16:29.370" level="INFO">${modified_service_date} = 2024-03-15T00:25:29.000Z</msg>
<status status="PASS" starttime="20240314 12:16:29.369" endtime="20240314 12:16:29.370"/>
</kw>
<kw name="Set Global Variable" library="BuiltIn">
<arg>${modified_service_date}</arg>
<doc>Makes a variable available globally in all tests and suites.</doc>
<msg timestamp="20240314 12:16:29.372" level="INFO">${modified_service_date} = 2024-03-15T00:25:29.000Z</msg>
<status status="PASS" starttime="20240314 12:16:29.371" endtime="20240314 12:16:29.372"/>
</kw>
<kw name="Set Variable" library="BuiltIn">
<var>${service_date_20min}</var>
<arg>${fecha_manana}T00:20:00.000Z</arg>
<doc>Returns the given values which can then be assigned to a variables.</doc>
<msg timestamp="20240314 12:16:29.373" level="INFO">${service_date_20min} = 2024-03-15T00:20:00.000Z</msg>
<status status="PASS" starttime="20240314 12:16:29.373" endtime="20240314 12:16:29.374"/>
</kw>
<kw name="Set Global Variable" library="BuiltIn">
<arg>${service_date_20min}</arg>
<doc>Makes a variable available globally in all tests and suites.</doc>
<msg timestamp="20240314 12:16:29.375" level="INFO">${service_date_20min} = 2024-03-15T00:20:00.000Z</msg>
<status status="PASS" starttime="20240314 12:16:29.374" endtime="20240314 12:16:29.375"/>
</kw>
<kw name="Set Variable" library="BuiltIn">
<var>${service_date_22min}</var>
<arg>${fecha_manana}T00:47:00.000Z</arg>
<doc>Returns the given values which can then be assigned to a variables.</doc>
<msg timestamp="20240314 12:16:29.377" level="INFO">${service_date_22min} = 2024-03-15T00:47:00.000Z</msg>
<status status="PASS" starttime="20240314 12:16:29.376" endtime="20240314 12:16:29.377"/>
</kw>
<kw name="Set Global Variable" library="BuiltIn">
<arg>${service_date_22min}</arg>
<doc>Makes a variable available globally in all tests and suites.</doc>
<msg timestamp="20240314 12:16:29.378" level="INFO">${service_date_22min} = 2024-03-15T00:47:00.000Z</msg>
<status status="PASS" starttime="20240314 12:16:29.377" endtime="20240314 12:16:29.378"/>
</kw>
<kw name="Set Variable" library="BuiltIn">
<var>${start_date}</var>
<arg>${fecha_manana}T03:00:00.000Z</arg>
<doc>Returns the given values which can then be assigned to a variables.</doc>
<msg timestamp="20240314 12:16:29.380" level="INFO">${start_date} = 2024-03-15T03:00:00.000Z</msg>
<status status="PASS" starttime="20240314 12:16:29.379" endtime="20240314 12:16:29.380"/>
</kw>
<kw name="Set Global Variable" library="BuiltIn">
<arg>${start_date}</arg>
<doc>Makes a variable available globally in all tests and suites.</doc>
<msg timestamp="20240314 12:16:29.382" level="INFO">${start_date} = 2024-03-15T03:00:00.000Z</msg>
<status status="PASS" starttime="20240314 12:16:29.381" endtime="20240314 12:16:29.382"/>
</kw>
<kw name="Set Variable" library="BuiltIn">
<var>${end_date_4weeks}</var>
<arg>2023-12-30T02:59:59.999Z</arg>
<doc>Returns the given values which can then be assigned to a variables.</doc>
<msg timestamp="20240314 12:16:29.384" level="INFO">${end_date_4weeks} = 2023-12-30T02:59:59.999Z</msg>
<status status="PASS" starttime="20240314 12:16:29.383" endtime="20240314 12:16:29.384"/>
</kw>
<kw name="Set Global Variable" library="BuiltIn">
<arg>${end_date_4weeks}</arg>
<doc>Makes a variable available globally in all tests and suites.</doc>
<msg timestamp="20240314 12:16:29.385" level="INFO">${end_date_4weeks} = 2023-12-30T02:59:59.999Z</msg>
<status status="PASS" starttime="20240314 12:16:29.385" endtime="20240314 12:16:29.385"/>
</kw>
<kw name="Set Variable" library="BuiltIn">
<var>${end_date}</var>
<arg>${fecha_pasado_pasado_manana}T03:00:00.000Z</arg>
<doc>Returns the given values which can then be assigned to a variables.</doc>
<msg timestamp="20240314 12:16:29.389" level="INFO">${end_date} = 2024-03-17T03:00:00.000Z</msg>
<status status="PASS" starttime="20240314 12:16:29.388" endtime="20240314 12:16:29.389"/>
</kw>
<kw name="Set Global Variable" library="BuiltIn">
<arg>${end_date}</arg>
<doc>Makes a variable available globally in all tests and suites.</doc>
<msg timestamp="20240314 12:16:29.390" level="INFO">${end_date} = 2024-03-17T03:00:00.000Z</msg>
<status status="PASS" starttime="20240314 12:16:29.390" endtime="20240314 12:16:29.390"/>
</kw>
<kw name="Set Variable" library="BuiltIn">
<var>${end_date_tomorrow}</var>
<arg>${fecha_manana}T03:00:00.000Z</arg>
<doc>Returns the given values which can then be assigned to a variables.</doc>
<msg timestamp="20240314 12:16:29.392" level="INFO">${end_date_tomorrow} = 2024-03-15T03:00:00.000Z</msg>
<status status="PASS" starttime="20240314 12:16:29.391" endtime="20240314 12:16:29.392"/>
</kw>
<kw name="Set Global Variable" library="BuiltIn">
<arg>${end_date_tomorrow}</arg>
<doc>Makes a variable available globally in all tests and suites.</doc>
<msg timestamp="20240314 12:16:29.393" level="INFO">${end_date_tomorrow} = 2024-03-15T03:00:00.000Z</msg>
<status status="PASS" starttime="20240314 12:16:29.393" endtime="20240314 12:16:29.394"/>
</kw>
<kw name="Set Variable" library="BuiltIn">
<var>${schedule_day}</var>
<arg>${dia_actual_lower}</arg>
<doc>Returns the given values which can then be assigned to a variables.</doc>
<msg timestamp="20240314 12:16:29.395" level="INFO">${schedule_day} = thu</msg>
<status status="PASS" starttime="20240314 12:16:29.394" endtime="20240314 12:16:29.395"/>
</kw>
<kw name="Set Global Variable" library="BuiltIn">
<arg>${schedule_day}</arg>
<doc>Makes a variable available globally in all tests and suites.</doc>
<msg timestamp="20240314 12:16:29.396" level="INFO">${schedule_day} = thu</msg>
<status status="PASS" starttime="20240314 12:16:29.396" endtime="20240314 12:16:29.396"/>
</kw>
<kw name="Set Variable" library="BuiltIn">
<var>${start_date_today}</var>
<arg>${fecha_hoy}T03:00:00.000Z</arg>
<doc>Returns the given values which can then be assigned to a variables.</doc>
<msg timestamp="20240314 12:16:29.398" level="INFO">${start_date_today} = 2024-03-14T03:00:00.000Z</msg>
<status status="PASS" starttime="20240314 12:16:29.397" endtime="20240314 12:16:29.398"/>
</kw>
<kw name="Set Global Variable" library="BuiltIn">
<arg>${start_date_today}</arg>
<doc>Makes a variable available globally in all tests and suites.</doc>
<msg timestamp="20240314 12:16:29.399" level="INFO">${start_date_today} = 2024-03-14T03:00:00.000Z</msg>
<status status="PASS" starttime="20240314 12:16:29.399" endtime="20240314 12:16:29.399"/>
</kw>
<kw name="Set Variable" library="BuiltIn">
<var>${today_date}</var>
<arg>${fecha_hoy}</arg>
<doc>Returns the given values which can then be assigned to a variables.</doc>
<msg timestamp="20240314 12:16:29.400" level="INFO">${today_date} = 2024-03-14</msg>
<status status="PASS" starttime="20240314 12:16:29.400" endtime="20240314 12:16:29.401"/>
</kw>
<kw name="Set Global Variable" library="BuiltIn">
<arg>${today_date}</arg>
<doc>Makes a variable available globally in all tests and suites.</doc>
<msg timestamp="20240314 12:16:29.402" level="INFO">${today_date} = 2024-03-14</msg>
<status status="PASS" starttime="20240314 12:16:29.401" endtime="20240314 12:16:29.402"/>
</kw>
<kw name="Set Variable" library="BuiltIn">
<var>${end_date_tomorrow2}</var>
<arg>${fecha_manana}T02:59:59.999Z</arg>
<doc>Returns the given values which can then be assigned to a variables.</doc>
<msg timestamp="20240314 12:16:29.403" level="INFO">${end_date_tomorrow2} = 2024-03-15T02:59:59.999Z</msg>
<status status="PASS" starttime="20240314 12:16:29.403" endtime="20240314 12:16:29.403"/>
</kw>
<kw name="Set Global Variable" library="BuiltIn">
<arg>${end_date_tomorrow}</arg>
<doc>Makes a variable available globally in all tests and suites.</doc>
<msg timestamp="20240314 12:16:29.405" level="INFO">${end_date_tomorrow} = 2024-03-15T03:00:00.000Z</msg>
<status status="PASS" starttime="20240314 12:16:29.404" endtime="20240314 12:16:29.405"/>
</kw>
<kw name="Set Variable" library="BuiltIn">
<var>${expiration_date_qr}</var>
<arg>${fecha_manana}T14:10:37.968Z</arg>
<doc>Returns the given values which can then be assigned to a variables.</doc>
<msg timestamp="20240314 12:16:29.407" level="INFO">${expiration_date_qr} = 2024-03-15T14:10:37.968Z</msg>
<status status="PASS" starttime="20240314 12:16:29.405" endtime="20240314 12:16:29.407"/>
</kw>
<kw name="Set Global Variable" library="BuiltIn">
<arg>${expiration_date_qr}</arg>
<doc>Makes a variable available globally in all tests and suites.</doc>
<msg timestamp="20240314 12:16:29.408" level="INFO">${expiration_date_qr} = 2024-03-15T14:10:37.968Z</msg>
<status status="PASS" starttime="20240314 12:16:29.408" endtime="20240314 12:16:29.408"/>
</kw>
<status status="PASS" starttime="20240314 12:16:29.313" endtime="20240314 12:16:29.409"/>
</test>
<test id="s1-t2" name="Create Schedule Alto - Apumanque 19:00 hrs" line="79">
<kw name="Create Session" library="RequestsLibrary">
<arg>mysesion</arg>
<arg>${STAGE_URL}</arg>
<arg>verify=true</arg>
<doc>Create Session: create a HTTP session to a server</doc>
<msg timestamp="20240314 12:16:29.412" level="INFO">Creating Session using : alias=mysesion, url=https://stage.allrideapp.com, headers={},                     cookies={}, auth=None, timeout=None, proxies=None, verify=True,                     debug=0 </msg>
<status status="PASS" starttime="20240314 12:16:29.412" endtime="20240314 12:16:29.413"/>
</kw>
<kw name="Create Dictionary" library="BuiltIn">
<var>${headers}</var>
<arg>Authorization=${tokenAdmin}</arg>
<arg>Content-Type=application/json; charset=utf-8</arg>
<doc>Creates and returns a dictionary based on the given ``items``.</doc>
<msg timestamp="20240314 12:16:29.415" level="INFO">${headers} = {'Authorization': 'Bearer cb91fc010de72bf97bce8da804b7b1ed896bf0bf12e54034d570937eea068ed2e988a32cfd47af4ccb36bfe97a7d7166b39c72a1a792cb0b8d059b470c9d51cc', 'Content-Type': 'application/json; charset=...</msg>
<status status="PASS" starttime="20240314 12:16:29.414" endtime="20240314 12:16:29.415"/>
</kw>
<kw name="POST On Session" library="RequestsLibrary">
<var>${response}</var>
<arg>mysesion</arg>
<arg>${endPoint}</arg>
<arg>data={"name":"2 Ruta Calendarizada RF ${today_date}","description":"prueba","communities":["653fd601f90509541a748683"],"superCommunities":[],"ownerIds":[{"id":"653fd601f90509541a748683","role":"community"}],"shapeId":"65ef61d24067ca9996c8986e","usesBusCode":false,"usesVehicleList":true,"usesDriverCode":false,"allowsOnlyExistingDrivers":false,"allowsMultipleDrivers":false,"dynamicSeatAssignment":true,"usesTickets":false,"startsOnStop":false,"notNearStop":false,"routeCost":0,"ticketCost":0,"excludePassengers":{"active":false,"excludeType":"dontHide"},"restrictPassengers":{"enabled":false,"allowed":[],"visibility":{"enabled":false,"excludes":false,"parameters":[]}},"endDepartureNotice":{"enabled":false,"lastStop":null},"scheduling":{"enabled":true,"limitUnit":"minutes","limitAmount":30,"lateNotification":{"enabled":false,"amount":0,"unit":"minutes"},"stopNotification":{"enabled":false,"amount":0,"unit":"minutes"},"startLimit":{"upperLimit":{"amount":60,"unit":"minutes"},"lowerLimit":{"amount":30,"unit":"minutes"}},"schedule":[{"enabled":true,"day":"${schedule_day}","time":"22:00","estimatedArrival":null,"stopSchedule":[],"capped":{"enabled":false,"capacity":0},"vehicleCategoryId":null,"defaultResources":[]}],"stopOnReservation":true,"restrictions":{"customParams":{"enabled":false,"params":[]}}},"customParams":{"enabled":false,"params":[]},"customParamsAtTheEnd":{"enabled":false,"params":[]},"validationParams":{"enabled":false,"driverParams":[],"passengerParams":[]},"allowsServiceSnapshots":false,"allowsNonServiceSnapshots":false,"labels":[],"roundOrder":[{"stopId":"655d11d88a5a1a1ff0328466","notifyIfPassed":false},{"stopId":"655d11d88a5a1a1ff0328464","notifyIfPassed":false}],"anchorStops":["655d11d88a5a1a1ff0328466","655d11d88a5a1a1ff0328464"],"originStop":"655d11d88a5a1a1ff0328466","destinationStop":"655d11d88a5a1a1ff0328464","hasBeacons":false,"hasCapacity":false,"isStatic":false,"showParable":false,"extraInfo":"","color":"b86a6a","usesManualSeat":true,"allowsManualValidation":false,"usesDriverPin":false,"hasBoardings":true,"hasUnboardings":true,"allowsDistance":false,"allowGenericVehicles":true,"hasExternalGPS":false,"departureHourFulfillment":{"enabled":false,"ranges":[]},"usesOfflineCount":true,"visible":true,"active":true,"usesTextToSpeech":false,"hasBoardingCount":false,"hasRounds":false,"hasUnboardingCount":false,"timeOnRoute":1,"distance":39,"distanceInMeters":258,"legOptions":[],"route_type":3}</arg>
<arg>headers=${headers}</arg>
<doc>Sends a POST request on a previously created HTTP Session.</doc>
<msg timestamp="20240314 12:16:30.933" level="INFO">POST Request : url=https://stage.allrideapp.com/api/v1/admin/pb/routes?community=653fd601f90509541a748683 
 path_url=/api/v1/admin/pb/routes?community=653fd601f90509541a748683 
 headers={'User-Agent': 'python-requests/2.31.0', 'Accept-Encoding': 'gzip, deflate', 'Accept': '*/*', 'Connection': 'keep-alive', 'Authorization': 'Bearer cb91fc010de72bf97bce8da804b7b1ed896bf0bf12e54034d570937eea068ed2e988a32cfd47af4ccb36bfe97a7d7166b39c72a1a792cb0b8d059b470c9d51cc', 'Content-Type': 'application/json; charset=utf-8', 'Content-Length': '2424'} 
 body={"name":"2 Ruta Calendarizada RF 2024-03-14","description":"prueba","communities":["653fd601f90509541a748683"],"superCommunities":[],"ownerIds":[{"id":"653fd601f90509541a748683","role":"community"}],"shapeId":"65ef61d24067ca9996c8986e","usesBusCode":false,"usesVehicleList":true,"usesDriverCode":false,"allowsOnlyExistingDrivers":false,"allowsMultipleDrivers":false,"dynamicSeatAssignment":true,"usesTickets":false,"startsOnStop":false,"notNearStop":false,"routeCost":0,"ticketCost":0,"excludePassengers":{"active":false,"excludeType":"dontHide"},"restrictPassengers":{"enabled":false,"allowed":[],"visibility":{"enabled":false,"excludes":false,"parameters":[]}},"endDepartureNotice":{"enabled":false,"lastStop":null},"scheduling":{"enabled":true,"limitUnit":"minutes","limitAmount":30,"lateNotification":{"enabled":false,"amount":0,"unit":"minutes"},"stopNotification":{"enabled":false,"amount":0,"unit":"minutes"},"startLimit":{"upperLimit":{"amount":60,"unit":"minutes"},"lowerLimit":{"amount":30,"unit":"minutes"}},"schedule":[{"enabled":true,"day":"thu","time":"22:00","estimatedArrival":null,"stopSchedule":[],"capped":{"enabled":false,"capacity":0},"vehicleCategoryId":null,"defaultResources":[]}],"stopOnReservation":true,"restrictions":{"customParams":{"enabled":false,"params":[]}}},"customParams":{"enabled":false,"params":[]},"customParamsAtTheEnd":{"enabled":false,"params":[]},"validationParams":{"enabled":false,"driverParams":[],"passengerParams":[]},"allowsServiceSnapshots":false,"allowsNonServiceSnapshots":false,"labels":[],"roundOrder":[{"stopId":"655d11d88a5a1a1ff0328466","notifyIfPassed":false},{"stopId":"655d11d88a5a1a1ff0328464","notifyIfPassed":false}],"anchorStops":["655d11d88a5a1a1ff0328466","655d11d88a5a1a1ff0328464"],"originStop":"655d11d88a5a1a1ff0328466","destinationStop":"655d11d88a5a1a1ff0328464","hasBeacons":false,"hasCapacity":false,"isStatic":false,"showParable":false,"extraInfo":"","color":"b86a6a","usesManualSeat":true,"allowsManualValidation":false,"usesDriverPin":false,"hasBoardings":true,"hasUnboardings":true,"allowsDistance":false,"allowGenericVehicles":true,"hasExternalGPS":false,"departureHourFulfillment":{"enabled":false,"ranges":[]},"usesOfflineCount":true,"visible":true,"active":true,"usesTextToSpeech":false,"hasBoardingCount":false,"hasRounds":false,"hasUnboardingCount":false,"timeOnRoute":1,"distance":39,"distanceInMeters":258,"legOptions":[],"route_type":3} 
 </msg>
<msg timestamp="20240314 12:16:30.933" level="INFO">POST Response : url=https://stage.allrideapp.com/api/v1/admin/pb/routes?community=653fd601f90509541a748683 
 status=200, reason=OK 
 headers={'Date': 'Thu, 14 Mar 2024 15:16:30 GMT', 'Content-Type': 'application/json; charset=utf-8', 'Content-Length': '3369', 'Connection': 'keep-alive', 'Server': 'nginx', 'X-DNS-Prefetch-Control': 'off', 'X-Frame-Options': 'SAMEORIGIN', 'Strict-Transport-Security': 'max-age=15552000; includeSubDomains', 'X-Download-Options': 'noopen', 'X-Content-Type-Options': 'nosniff', 'X-XSS-Protection': '1; mode=block', 'Access-Control-Allow-Origin': '*', 'X-RateLimit-Limit': '300', 'X-RateLimit-Remaining': '299', 'X-RateLimit-Reset': '1710429450', 'ETag': 'W/"d29-t9R4y4vh6XJ6ZEX8Adr8yqLM/1Y"'} 
 body={"excludePassengers":{"active":false,"excludeType":"dontHide"},"scheduling":{"enabled":true,"limitUnit":"minutes","limitAmount":30,"lateNotification":{"enabled":false,"amount":0,"unit":"minutes"},"stopNotification":{"enabled":false,"amount":0,"unit":"minutes"},"startLimit":{"upperLimit":{"amount":60,"unit":"minutes"},"lowerLimit":{"amount":30,"unit":"minutes"}},"schedule":[{"capped":{"enabled":false,"capacity":0},"restrictPassengers":{"validation":{"enabled":false,"parameter":[]},"reservation":{"enabled":false,"parameter":[]},"visibility":{"enabled":false,"parameter":[]},"enabled":false,"passengersMustComply":true,"allowedOnValidation":[],"allowedOnReservation":[],"allowedOnVisibility":[]},"enabled":true,"_id":"65f314ce4411559f35b43841","day":"thu","time":"22:00","estimatedArrival":null,"stopSchedule":[],"vehicleCategoryId":null,"defaultResources":[]}],"stopOnReservation":true,"restrictions":{"customParams":{"enabled":false,"params":[]},"_id":"65f314ce4411559f35b43842"}},"endDepartureNotice":{"enabled":false,"lastStop":null},"restrictPassengers":{"enabled":false,"allowed":[],"visibility":{"enabled":false,"excludes":false,"parameters":[]}},"snapshots":{"enabled":false},"validationParams":{"driverParams":[],"passengerParams":[]},"canResume":{"timeLimit":{"enabled":false,"amount":5,"unit":"minutes"},"enabled":false},"departureHourFulfillment":{"enabled":false,"ranges":[]},"arrivalHourFulfillment":{"enabled":false,"ranges":[]},"validateDeparture":{"enabled":false},"assistantIds":[],"superCommunities":[],"communities":["653fd601f90509541a748683"],"active":true,"visible":true,"internal":false,"anchorStops":["655d11d88a5a1a1ff0328466","655d11d88a5a1a1ff0328464"],"isStatic":false,"labels":[],"hasExternalGPS":false,"hasCapacity":false,"hasBeacons":false,"hasRounds":false,"hasBoardingCount":false,"hasUnboardingCount":false,"usesBusCode":false,"usesVehicleList":true,"dynamicSeatAssignment":true,"usesDriverCode":false,"usesDriverPin":false,"usesTickets":false,"usesTextToSpeech":false,"allowsManualValidation":false,"allowsRating":false,"allowsOnlyExistingDrivers":false,"allowsMultipleDrivers":false,"startsOnStop":false,"notNearStop":false,"allowsNonServiceSnapshots":false,"allowsServiceSnapshots":false,"allowsDistance":false,"usesOfflineCount":false,"hasBoardings":true,"hasUnboardings":true,"usesManualSeat":true,"noPassengerInfo":false,"showParable":false,"showStops":true,"allowGenericVehicles":true,"usesVehicleQRLink":false,"skipDeclaration":false,"skipQRValidation":false,"_id":"65f314ce4411559f35b4383a","name":"2 Ruta Calendarizada RF 2024-03-14","shapeId":"65ef61d24067ca9996c8986e","description":"prueba","extraInfo":"","color":"b86a6a","legOptions":[],"ownerIds":[{"_id":"65f314ce4411559f35b4383e","id":"653fd601f90509541a748683","role":"community"}],"segments":[],"roundOrder":[{"notifyIfPassed":false,"_id":"65f314ce4411559f35b4383f","stopId":"655d11d88a5a1a1ff0328466"},{"notifyIfPassed":false,"_id":"65f314ce4411559f35b43840","stopId":"655d11d88a5a1a1ff0328464"}],"communityId":"653fd601f90509541a748683","timeOnRoute":1,"distance":39,"distanceInMeters":258,"originStop":"655d11d88a5a1a1ff0328466","destinationStop":"655d11d88a5a1a1ff0328464","customParams":{"enabled":false,"params":[]},"customParamsAtTheEnd":{"enabled":false,"params":[]},"createdAt":"2024-03-14T15:16:30.869Z","updatedAt":"2024-03-14T15:16:30.869Z","__v":0} 
 </msg>
<msg timestamp="20240314 12:16:30.934" level="INFO">${response} = &lt;Response [200]&gt;</msg>
<status status="PASS" starttime="20240314 12:16:29.416" endtime="20240314 12:16:30.934"/>
</kw>
<kw name="Convert To String" library="BuiltIn">
<var>${code}</var>
<arg>${response.status_code}</arg>
<doc>Converts the given item to a Unicode string.</doc>
<msg timestamp="20240314 12:16:30.936" level="INFO">${code} = 200</msg>
<status status="PASS" starttime="20240314 12:16:30.935" endtime="20240314 12:16:30.936"/>
</kw>
<kw name="Should Be Equal As Numbers" library="BuiltIn">
<arg>${code}</arg>
<arg>200</arg>
<doc>Fails if objects are unequal after converting them to real numbers.</doc>
<status status="PASS" starttime="20240314 12:16:30.937" endtime="20240314 12:16:30.937"/>
</kw>
<kw name="Log" library="BuiltIn">
<arg>${code}</arg>
<doc>Logs the given message with the given level.</doc>
<msg timestamp="20240314 12:16:30.939" level="INFO">200</msg>
<status status="PASS" starttime="20240314 12:16:30.938" endtime="20240314 12:16:30.939"/>
</kw>
<kw name="Set Variable" library="BuiltIn">
<var>${scheduleId}</var>
<arg>${response.json()}[_id]</arg>
<doc>Returns the given values which can then be assigned to a variables.</doc>
<msg timestamp="20240314 12:16:30.942" level="INFO">${scheduleId} = 65f314ce4411559f35b4383a</msg>
<status status="PASS" starttime="20240314 12:16:30.940" endtime="20240314 12:16:30.942"/>
</kw>
<kw name="Set Global Variable" library="BuiltIn">
<arg>${scheduleId}</arg>
<doc>Makes a variable available globally in all tests and suites.</doc>
<msg timestamp="20240314 12:16:30.943" level="INFO">${scheduleId} = 65f314ce4411559f35b4383a</msg>
<status status="PASS" starttime="20240314 12:16:30.943" endtime="20240314 12:16:30.944"/>
</kw>
<status status="PASS" starttime="20240314 12:16:29.411" endtime="20240314 12:16:30.944"/>
</test>
<test id="s1-t3" name="Get Service Id" line="99">
<kw name="Set Variable" library="BuiltIn">
<var>${url}</var>
<arg>${STAGE_URL}/api/v1/admin/pb/allServices?community=${idComunidad}&amp;startDate=${start_date_today}&amp;endDate=${end_date_tomorrow}&amp;onlyODDs=false</arg>
<doc>Returns the given values which can then be assigned to a variables.</doc>
<msg timestamp="20240314 12:16:30.948" level="INFO">${url} = https://stage.allrideapp.com/api/v1/admin/pb/allServices?community=653fd601f90509541a748683&amp;startDate=2024-03-14T03:00:00.000Z&amp;endDate=2024-03-15T03:00:00.000Z&amp;onlyODDs=false</msg>
<status status="PASS" starttime="20240314 12:16:30.947" endtime="20240314 12:16:30.948"/>
</kw>
<kw name="Create Dictionary" library="BuiltIn">
<var>&amp;{headers}</var>
<arg>Authorization=${tokenAdmin}</arg>
<doc>Creates and returns a dictionary based on the given ``items``.</doc>
<msg timestamp="20240314 12:16:30.950" level="INFO">&amp;{headers} = { Authorization=Bearer cb91fc010de72bf97bce8da804b7b1ed896bf0bf12e54034d570937eea068ed2e988a32cfd47af4ccb36bfe97a7d7166b39c72a1a792cb0b8d059b470c9d51cc }</msg>
<status status="PASS" starttime="20240314 12:16:30.949" endtime="20240314 12:16:30.950"/>
</kw>
<kw name="GET" library="RequestsLibrary">
<var>${response}</var>
<arg>url=${url}</arg>
<arg>headers=${headers}</arg>
<doc>Sends a GET request.</doc>
<msg timestamp="20240314 12:16:35.148" level="INFO">GET Request : url=https://stage.allrideapp.com/api/v1/admin/pb/allServices?community=653fd601f90509541a748683&amp;startDate=2024-03-14T03:00:00.000Z&amp;endDate=2024-03-15T03:00:00.000Z&amp;onlyODDs=false 
 path_url=/api/v1/admin/pb/allServices?community=653fd601f90509541a748683&amp;startDate=2024-03-14T03:00:00.000Z&amp;endDate=2024-03-15T03:00:00.000Z&amp;onlyODDs=false 
 headers={'User-Agent': 'python-requests/2.31.0', 'Accept-Encoding': 'gzip, deflate', 'Accept': '*/*', 'Connection': 'keep-alive', 'Authorization': 'Bearer cb91fc010de72bf97bce8da804b7b1ed896bf0bf12e54034d570937eea068ed2e988a32cfd47af4ccb36bfe97a7d7166b39c72a1a792cb0b8d059b470c9d51cc'} 
 body=None 
 </msg>
<msg timestamp="20240314 12:16:35.148" level="INFO">GET Response : url=https://stage.allrideapp.com/api/v1/admin/pb/allServices?community=653fd601f90509541a748683&amp;startDate=2024-03-14T03:00:00.000Z&amp;endDate=2024-03-15T03:00:00.000Z&amp;onlyODDs=false 
 status=200, reason=OK 
 headers={'Date': 'Thu, 14 Mar 2024 15:16:31 GMT', 'Content-Type': 'application/json; charset=utf-8', 'Content-Length': '147602', 'Connection': 'keep-alive', 'Server': 'nginx', 'X-DNS-Prefetch-Control': 'off', 'X-Frame-Options': 'SAMEORIGIN', 'Strict-Transport-Security': 'max-age=15552000; includeSubDomains', 'X-Download-Options': 'noopen', 'X-Content-Type-Options': 'nosniff', 'X-XSS-Protection': '1; mode=block', 'Access-Control-Allow-Origin': '*', 'X-RateLimit-Limit': '300', 'X-RateLimit-Remaining': '299', 'X-RateLimit-Reset': '1710429444', 'ETag': 'W/"24092-t3uRuBY34vMSMQPAdSXz6f5ffvU"'} 
 body={"regularDepartures":[{"_id":"65f306aa92420c55833c06bb","restrictPassengers":{"enabled":false,"passengersMustComply":true,"allowedOnValidation":[],"allowedOnReservation":[],"allowedOnVisibility":[]},"superCommunities":[],"communities":[{"_id":"653fd601f90509541a748683","name":"Pruebas Automatización","avatar":"https://s3.amazonaws.com/allride.uploads/communityAvatar_653fd601f90509541a748683_1699885119125.png"}],"assistantIds":[],"active":false,"sharing":true,"disabled":false,"internal":false,"rounds":0,"distance":0,"scheduled":true,"odd":false,"estimatedDistance":0,"extraMinutes":0,"placeWaitTime":0,"hasExternalGPS":false,"allowsServiceSnapshots":false,"allowsNonServiceSnapshots":false,"allowsSnapshots":false,"allowsDistance":false,"usesOfflineCount":false,"communityId":"653fd601f90509541a748683","driverId":{"_id":"6582e724938e4e7b3bcf9f0a","code":"753","name":"Conductor RDD Abierto"},"driverCode":"753","drivers":[],"vehicleId":{"_id":"6553b81315e27f4db2b45935","plate":"ABCD12","code":"1111"},"busCode":"ABCD12","capacity":0,"routeId":{"_id":"65f306a54411559f35b425c9","excludePassengers":{"active":false,"excludeType":"dontHide"},"scheduling":{"enabled":true,"limitUnit":"minutes","limitAmount":30,"lateNotification":{"enabled":false,"amount":0,"unit":"minutes"},"stopNotification":{"enabled":false,"amount":0,"unit":"minutes"},"startLimit":{"upperLimit":{"amount":60,"unit":"minutes"},"lowerLimit":{"amount":30,"unit":"minutes"}},"schedule":[{"capped":{"enabled":false,"capacity":0},"restrictPassengers":{"validation":{"enabled":false,"parameter":[]},"reservation":{"enabled":false,"parameter":[]},"visibility":{"enabled":false,"parameter":[]},"enabled":false,"passengersMustComply":true,"allowedOnValidation":[],"allowedOnReservation":[],"allowedOnVisibility":[]},"enabled":true,"_id":"65f306a54411559f35b425d0","day":"thu","time":"22:00","estimatedArrival":null,"stopSchedule":[],"vehicleCategoryId":null,"defaultResources":[]}],"stopOnReservation":true,"restrictions":{"customParams":{"enabled":false,"params":[]},"_id":"65f306a54411559f35b425d1"}},"endDepartureNotice":{"enabled":false,"lastStop":null},"restrictPassengers":{"enabled":false,"allowed":[],"visibility":{"enabled":false,"excludes":false,"parameters":[]},"reservation":{"enabled":false,"parameters":[]},"validation":{"enabled":false,"parameters":[]}},"snapshots":{"enabled":false},"validationParams":{"driverParams":[],"passengerParams":[]},"canResume":{"timeLimit":{"enabled":false,"amount":5,"unit":"minutes"},"enabled":false},"departureHourFulfillment":{"enabled":false,"ranges":[]},"arrivalHourFulfillment":{"enabled":false,"ranges":[]},"validateDeparture":{"enabled":false},"assistantIds":[],"superCommunities":[],"communities":["653fd601f90509541a748683"],"active":true,"visible":true,"internal":false,"anchorStops":["655d11d88a5a1a1ff0328466","655d11d88a5a1a1ff0328464"],"isStatic":false,"labels":[],"hasExternalGPS":false,"hasCapacity":false,"hasBeacons":false,"hasRounds":false,"hasBoardingCount":false,"hasUnboardingCount":false,"usesBusCode":false,"usesVehicleList":true,"dynamicSeatAssignment":true,"usesDriverCode":false,"usesDriverPin":false,"usesTickets":false,"usesTextToSpeech":false,"allowsManualValidation":false,"allowsRating":false,"allowsOnlyExistingDrivers":false,"allowsMultipleDrivers":false,"startsOnStop":false,"notNearStop":false,"allowsNonServiceSnapshots":false,"allowsServiceSnapshots":false,"allowsDistance":false,"usesOfflineCount":false,"hasBoardings":true,"hasUnboardings":true,"usesManualSeat":true,"noPassengerInfo":false,"showParable":false,"showStops":true,"allowGenericVehicles":true,"usesVehicleQRLink":false,"skipDeclaration":false,"skipQRValidation":false,"name":"2 Ruta Calendarizada RF 2024-03-14","shapeId":"65ef61d24067ca9996c8986e","description":"prueba","extraInfo":"","color":"b86a6a","legOptions":[],"ownerIds":[{"_id":"65f306a54411559f35b425cd","id":"653fd601f90509541a748683","role":"community"}],"segments":[],"roundOrder":[{"notifyIfPassed":false,"_id":"65f306a54411559f35b425ce","stopId":"655d11d88a5a1a1ff0328466"},{"notifyIfPassed":false,"_id":"65f306a54411559f35b425cf","stopId":"655d11d88a5a1a1ff0328464"}],"communityId":"653fd601f90509541a748683","timeOnRoute":1,"distance":39,"distanceInMeters":258,"originStop":{"_id":"655d11d88a5a1a1ff0328466","oDDConfig":{"stopIds":[],"options":[]},"categories":["odd"],"communities":["653fd601f90509541a748683"],"superCommunities":[],"name":"Alto Las Condes Avenida Presidente Kennedy Lateral, Las Condes, Chile","address":"Alto Las Condes Avenida Presidente Kennedy Lateral, Las Condes, Chile","lat":-33.3908833,"lon":-70.54620129999999,"loc":[-70.54620129999999,-33.3908833],"ownerIds":[{"_id":"65f2ee064411559f35b408f9","id":"653fd601f90509541a748683","role":"community"}],"users":[],"createdAt":"2023-11-21T20:23:52.933Z","updatedAt":"2024-03-14T12:35:33.635Z","__v":0},"destinationStop":{"_id":"655d11d88a5a1a1ff0328464","oDDConfig":{"stopIds":[],"options":[]},"categories":["odd"],"communities":["653fd601f90509541a748683"],"superCommunities":[],"name":"Mall Apumanque Avenida Manquehue Sur, Las Condes, Chile","address":"Mall Apumanque Avenida Manquehue Sur, Las Condes, Chile","lat":-33.4098734,"lon":-70.5673477,"loc":[-70.5673477,-33.4098734],"ownerIds":[{"_id":"65f2ee064411559f35b408f9","id":"653fd601f90509541a748683","role":"community"}],"users":[],"createdAt":"2023-11-21T20:23:52.925Z","updatedAt":"2024-03-14T12:35:33.635Z","__v":0},"customParams":{"enabled":false,"params":[]},"customParamsAtTheEnd":{"enabled":false,"params":[]},"createdAt":"2024-03-14T14:16:05.758Z","updatedAt":"2024-03-14T14:16:05.758Z","__v":1},"serviceId":"65f306a54411559f35b425db","serviceDate":"2024-03-15T01:00:00.000Z","reservations":[{"waitTime":0,"validated":false,"fromApp":false,"joined":false,"approvedByDriver":true,"_id":"65f306af92420c55833c06d5","userId":"65e8e076337a90a35ba6e8dd","seat":"2","stopId":"655d11d88a5a1a1ff0328464"},{"waitTime":0,"validated":false,"fromApp":false,"joined":false,"approvedByDriver":true,"_id":"65f306b14411559f35b42614","userId":"654a5148bf3e9410d0bcd39a","seat":"1","stopId":"655d11d88a5a1a1ff0328464"},{"waitTime":0,"validated":false,"fromApp":false,"joined":false,"approvedByDriver":true,"_id":"65f306b24411559f35b42624","userId":"65e092afca7842b1032f12e2","seat":"3","stopId":"655d11d88a5a1a1ff0328464"}],"state":"accepted","categories":[],"trail":[],"legs":[{"distance":0,"_id":"65f308c84411559f35b42717","type":"pre","startedAt":"2024-03-14T14:25:12.847Z","realStartLocation":{"_id":"65f308c84411559f35b42718","lat":-33.3908833,"lon":-70.54620129999999,"loc":[-70.54620129999999,-33.3908833]},"preTripChecklist":[],"customParamsAtStart":[],"driverId":"6582e724938e4e7b3bcf9f0a","customParamsAtTheEnd":[],"endedAt":"2024-03-14T14:27:03.038Z","realEndLocation":{"_id":"65f309374411559f35b42733","lat":-33.3908833,"lon":-70.54620129999999,"loc":[-70.54620129999999,-33.3908833]}},{"distance":0,"_id":"65f30b264411559f35b427dc","type":"service","startedAt":"2024-03-14T14:35:18.597Z","realStartLocation":{"_id":"65f30b264411559f35b427dd","lat":-33.3908833,"lon":-70.54620129999999,"loc":[-70.54620129999999,-33.3908833]},"driverId":"6582e724938e4e7b3bcf9f0a","preTripChecklist":[],"customParamsAtStart":[],"customParamsAtTheEnd":[],"realEndLocation":{"_id":"65f30ff64411559f35b42e36","lat":-72.6071614,"lon":-38.7651863,"loc":[-38.7651863,-72.6071614]},"endedAt":"2024-03-14T14:55:50.240Z"},{"distance":0,"_id":"65f30ff64411559f35b42e37","type":"post","startedAt":"2024-03-14T14:55:50.243Z","realStartLocation":{"_id":"65f30ff64411559f35b42e38","lat":-72.6071614,"lon":-38.7651863,"loc":[-38.7651863,-72.6071614]},"driverId":"6582e724938e4e7b3bcf9f0a","preTripChecklist":[],"customParamsAtStart":[],"customParamsAtTheEnd":[],"endedAt":"2024-03-14T14:57:42.515Z","realEndLocation":{"_id":"65f310664411559f35b42ee9","lat":-72.6071614,"lon":-38.7651863,"loc":[-38.7651863,-72.6071614]}}],"stateHistory":[{"_id":"65f306aa92420c55833c06bf","state":"pending","date":"2024-03-14T14:16:10.099Z"},{"_id":"65f306b592420c55833c06f2","state":"accepted","driverId":"6582e724938e4e7b3bcf9f0a","date":"2024-03-14T14:16:21.230Z"},{"_id":"65f306b592420c55833c06f3","state":"accepted","driverId":"6582e724938e4e7b3bcf9f0a","date":"2024-03-14T14:16:21.253Z"},{"_id":"65f306b592420c55833c06f5","state":"accepted","date":"2024-03-14T14:16:21.273Z"}],"deviceHistory":[],"apportionByCategories":[],"customParams":[],"customParamsAtTheEnd":[],"preTripChecklist":[],"startCapacity":3,"createdAt":"2024-03-14T14:16:10.099Z","updatedAt":"2024-03-14T14:57:42.549Z","__v":7,"realStartLocation":{"_id":"65f30b264411559f35b427db","lat":-33.3908833,"lon":-70.54620129999999,"loc":[-70.54620129999999,-33.3908833]},"startedAt":"2024-03-14T14:35:18.598Z","boardings":6,"unboardings":3,"endedAt":"2024-03-14T14:57:42.544Z","realEndLocation":{"_id":"65f310664411559f35b42eea","lat":-72.6071614,"lon":-38.7651863,"loc":[-38.7651863,-72.6071614]},"validations":4}],"scheduledServices":[{"_id":"65dbd2298b8f5dc63862327b","restrictPassengers":{"enabled":false,"passengersMustComply":true,"allowedOnValidation":[],"allowedOnReservation":[],"allowedOnVisibility":[]},"superCommunities":[{"_id":"653fd68233d83952fafcd4be","name":"SC - Automatización","avatar":"https://s3.amazonaws.com/allride.uploads/superCommunityAvatar_653fd601f90509541a748683_1699885179092.png"}],"communities":[{"_id":"653fd601f90509541a748683","name":"Pruebas Automatización","avatar":"https://s3.amazonaws.com/allride.uploads/communityAvatar_653fd601f90509541a748683_1699885119125.png"}],"active":true,"hasAssignedResources":true,"blocked":false,"disabled":true,"routeId":{"_id":"65bc0633c9e5a7a22a61d013","excludePassengers":{"active":false,"excludeType":"dontHide"},"scheduling":{"enabled":true,"limitUnit":"minutes","limitAmount":30,"lateNotification":{"enabled":false,"amount":0,"unit":"minutes"},"stopNotification":{"enabled":false,"amount":0,"unit":"minutes"},"startLimit":{"upperLimit":{"amount":60,"unit":"minutes"},"lowerLimit":{"amount":... (set the log level to DEBUG or TRACE to see the full content) 
 </msg>
<msg timestamp="20240314 12:16:35.149" level="INFO">${response} = &lt;Response [200]&gt;</msg>
<status status="PASS" starttime="20240314 12:16:30.951" endtime="20240314 12:16:35.149"/>
</kw>
<kw name="Set Variable" library="BuiltIn">
<var>${responseJson}</var>
<arg>${response.json()}</arg>
<doc>Returns the given values which can then be assigned to a variables.</doc>
<msg timestamp="20240314 12:16:35.156" level="INFO">${responseJson} = {'regularDepartures': [{'_id': '65f306aa92420c55833c06bb', 'restrictPassengers': {'enabled': False, 'passengersMustComply': True, 'allowedOnValidation': [], 'allowedOnReservation': [], 'allowedOnVisib...</msg>
<status status="PASS" starttime="20240314 12:16:35.150" endtime="20240314 12:16:35.156"/>
</kw>
<kw name="Get Length" library="BuiltIn">
<var>${num_scheduled_services}</var>
<arg>${responseJson['scheduledServices']}</arg>
<doc>Returns and logs the length of the given item as an integer.</doc>
<msg timestamp="20240314 12:16:35.159" level="INFO">Length is 19</msg>
<msg timestamp="20240314 12:16:35.159" level="INFO">${num_scheduled_services} = 19</msg>
<status status="PASS" starttime="20240314 12:16:35.157" endtime="20240314 12:16:35.159"/>
</kw>
<kw name="Evaluate" library="BuiltIn">
<var>${last_scheduled_service_index}</var>
<arg>${num_scheduled_services} - 1</arg>
<doc>Evaluates the given expression in Python and returns the result.</doc>
<msg timestamp="20240314 12:16:35.161" level="INFO">${last_scheduled_service_index} = 18</msg>
<status status="PASS" starttime="20240314 12:16:35.160" endtime="20240314 12:16:35.161"/>
</kw>
<kw name="Set Variable" library="BuiltIn">
<var>${last_scheduled_service}</var>
<arg>${responseJson['scheduledServices'][${last_scheduled_service_index}]}</arg>
<doc>Returns the given values which can then be assigned to a variables.</doc>
<msg timestamp="20240314 12:16:35.163" level="INFO">${last_scheduled_service} = {'_id': '65f314ce4411559f35b4384c', 'restrictPassengers': {'enabled': False, 'passengersMustComply': True, 'allowedOnValidation': [], 'allowedOnReservation': [], 'allowedOnVisibility': []}, 'superComm...</msg>
<status status="PASS" starttime="20240314 12:16:35.162" endtime="20240314 12:16:35.163"/>
</kw>
<kw name="Log" library="BuiltIn">
<arg>El último objeto scheduledServices es: ${last_scheduled_service}</arg>
<doc>Logs the given message with the given level.</doc>
<msg timestamp="20240314 12:16:35.165" level="INFO">El último objeto scheduledServices es: {'_id': '65f314ce4411559f35b4384c', 'restrictPassengers': {'enabled': False, 'passengersMustComply': True, 'allowedOnValidation': [], 'allowedOnReservation': [], 'allowedOnVisibility': []}, 'superCommunities': [], 'communities': [{'_id': '653fd601f90509541a748683', 'name': 'Pruebas Automatización', 'avatar': 'https://s3.amazonaws.com/allride.uploads/communityAvatar_653fd601f90509541a748683_1699885119125.png'}], 'active': True, 'hasAssignedResources': False, 'blocked': False, 'disabled': False, 'routeId': {'_id': '65f314ce4411559f35b4383a', 'excludePassengers': {'active': False, 'excludeType': 'dontHide'}, 'scheduling': {'enabled': True, 'limitUnit': 'minutes', 'limitAmount': 30, 'lateNotification': {'enabled': False, 'amount': 0, 'unit': 'minutes'}, 'stopNotification': {'enabled': False, 'amount': 0, 'unit': 'minutes'}, 'startLimit': {'upperLimit': {'amount': 60, 'unit': 'minutes'}, 'lowerLimit': {'amount': 30, 'unit': 'minutes'}}, 'schedule': [{'capped': {'enabled': False, 'capacity': 0}, 'restrictPassengers': {'validation': {'enabled': False, 'parameter': []}, 'reservation': {'enabled': False, 'parameter': []}, 'visibility': {'enabled': False, 'parameter': []}, 'enabled': False, 'passengersMustComply': True, 'allowedOnValidation': [], 'allowedOnReservation': [], 'allowedOnVisibility': []}, 'enabled': True, '_id': '65f314ce4411559f35b43841', 'day': 'thu', 'time': '22:00', 'estimatedArrival': None, 'stopSchedule': [], 'vehicleCategoryId': None, 'defaultResources': []}], 'stopOnReservation': True, 'restrictions': {'customParams': {'enabled': False, 'params': []}, '_id': '65f314ce4411559f35b43842'}}, 'endDepartureNotice': {'enabled': False, 'lastStop': None}, 'restrictPassengers': {'enabled': False, 'allowed': [], 'visibility': {'enabled': False, 'excludes': False, 'parameters': []}}, 'snapshots': {'enabled': False}, 'validationParams': {'driverParams': [], 'passengerParams': []}, 'canResume': {'timeLimit': {'enabled': False, 'amount': 5, 'unit': 'minutes'}, 'enabled': False}, 'departureHourFulfillment': {'enabled': False, 'ranges': []}, 'arrivalHourFulfillment': {'enabled': False, 'ranges': []}, 'validateDeparture': {'enabled': False}, 'assistantIds': [], 'superCommunities': [], 'communities': ['653fd601f90509541a748683'], 'active': True, 'visible': True, 'internal': False, 'anchorStops': ['655d11d88a5a1a1ff0328466', '655d11d88a5a1a1ff0328464'], 'isStatic': False, 'labels': [], 'hasExternalGPS': False, 'hasCapacity': False, 'hasBeacons': False, 'hasRounds': False, 'hasBoardingCount': False, 'hasUnboardingCount': False, 'usesBusCode': False, 'usesVehicleList': True, 'dynamicSeatAssignment': True, 'usesDriverCode': False, 'usesDriverPin': False, 'usesTickets': False, 'usesTextToSpeech': False, 'allowsManualValidation': False, 'allowsRating': False, 'allowsOnlyExistingDrivers': False, 'allowsMultipleDrivers': False, 'startsOnStop': False, 'notNearStop': False, 'allowsNonServiceSnapshots': False, 'allowsServiceSnapshots': False, 'allowsDistance': False, 'usesOfflineCount': False, 'hasBoardings': True, 'hasUnboardings': True, 'usesManualSeat': True, 'noPassengerInfo': False, 'showParable': False, 'showStops': True, 'allowGenericVehicles': True, 'usesVehicleQRLink': False, 'skipDeclaration': False, 'skipQRValidation': False, 'name': '2 Ruta Calendarizada RF 2024-03-14', 'shapeId': '65ef61d24067ca9996c8986e', 'description': 'prueba', 'extraInfo': '', 'color': 'b86a6a', 'legOptions': [], 'ownerIds': [{'_id': '65f314ce4411559f35b4383e', 'id': '653fd601f90509541a748683', 'role': 'community'}], 'segments': [], 'roundOrder': [{'notifyIfPassed': False, '_id': '65f314ce4411559f35b4383f', 'stopId': '655d11d88a5a1a1ff0328466'}, {'notifyIfPassed': False, '_id': '65f314ce4411559f35b43840', 'stopId': '655d11d88a5a1a1ff0328464'}], 'communityId': '653fd601f90509541a748683', 'timeOnRoute': 1, 'distance': 39, 'distanceInMeters': 258, 'originStop': {'_id': '655d11d88a5a1a1ff0328466', 'oDDConfig': {'stopIds': [], 'options': []}, 'categories': ['odd'], 'communities': ['653fd601f90509541a748683'], 'superCommunities': [], 'name': 'Alto Las Condes Avenida Presidente Kennedy Lateral, Las Condes, Chile', 'address': 'Alto Las Condes Avenida Presidente Kennedy Lateral, Las Condes, Chile', 'lat': -33.3908833, 'lon': -70.54620129999999, 'loc': [-70.54620129999999, -33.3908833], 'ownerIds': [{'_id': '65f2ee064411559f35b408f9', 'id': '653fd601f90509541a748683', 'role': 'community'}], 'users': [], 'createdAt': '2023-11-21T20:23:52.933Z', 'updatedAt': '2024-03-14T12:35:33.635Z', '__v': 0}, 'destinationStop': {'_id': '655d11d88a5a1a1ff0328464', 'oDDConfig': {'stopIds': [], 'options': []}, 'categories': ['odd'], 'communities': ['653fd601f90509541a748683'], 'superCommunities': [], 'name': 'Mall Apumanque Avenida Manquehue Sur, Las Condes, Chile', 'address': 'Mall Apumanque Avenida Manquehue Sur, Las Condes, Chile', 'lat': -33.4098734, 'lon': -70.5673477, 'loc': [-70.5673477, -33.4098734], 'ownerIds': [{'_id': '65f2ee064411559f35b408f9', 'id': '653fd601f90509541a748683', 'role': 'community'}], 'users': [], 'createdAt': '2023-11-21T20:23:52.925Z', 'updatedAt': '2024-03-14T12:35:33.635Z', '__v': 0}, 'customParams': {'enabled': False, 'params': []}, 'customParamsAtTheEnd': {'enabled': False, 'params': []}, 'createdAt': '2024-03-14T15:16:30.869Z', 'updatedAt': '2024-03-14T15:16:30.869Z', '__v': 0}, 'serviceDate': '2024-03-15T01:00:00.000Z', 'apportionByCategories': [], 'stopSchedule': [], 'resources': [], 'reservations': [], 'communityId': '653fd601f90509541a748683', 'createdAt': '2024-03-14T15:16:30.962Z', 'updatedAt': '2024-03-14T15:16:30.962Z', '__v': 0, 'unassignedReservations': 0, 'resourceDrivers': [], 'resourceVehicles': []}</msg>
<status status="PASS" starttime="20240314 12:16:35.164" endtime="20240314 12:16:35.165"/>
</kw>
<kw name="Set Variable" library="BuiltIn">
<var>${routeId}</var>
<arg>${last_scheduled_service}[routeId][_id]</arg>
<doc>Returns the given values which can then be assigned to a variables.</doc>
<msg timestamp="20240314 12:16:35.166" level="INFO">${routeId} = 65f314ce4411559f35b4383a</msg>
<status status="PASS" starttime="20240314 12:16:35.166" endtime="20240314 12:16:35.167"/>
</kw>
<kw name="Should Be Equal As Strings" library="BuiltIn">
<arg>${scheduleId}</arg>
<arg>${routeId}</arg>
<doc>Fails if objects are unequal after converting them to strings.</doc>
<status status="PASS" starttime="20240314 12:16:35.168" endtime="20240314 12:16:35.169"/>
</kw>
<kw name="Set Variable" library="BuiltIn">
<var>${serviceId}</var>
<arg>${last_scheduled_service}[_id]</arg>
<doc>Returns the given values which can then be assigned to a variables.</doc>
<msg timestamp="20240314 12:16:35.170" level="INFO">${serviceId} = 65f314ce4411559f35b4384c</msg>
<status status="PASS" starttime="20240314 12:16:35.170" endtime="20240314 12:16:35.171"/>
</kw>
<kw name="Should Be Equal As Numbers" library="BuiltIn">
<arg>${response.status_code}</arg>
<arg>200</arg>
<doc>Fails if objects are unequal after converting them to real numbers.</doc>
<msg timestamp="20240314 12:16:35.173" level="INFO">Argument types are:
&lt;class 'int'&gt;
&lt;class 'str'&gt;</msg>
<status status="PASS" starttime="20240314 12:16:35.172" endtime="20240314 12:16:35.173"/>
</kw>
<kw name="Set Global Variable" library="BuiltIn">
<arg>${serviceId}</arg>
<doc>Makes a variable available globally in all tests and suites.</doc>
<msg timestamp="20240314 12:16:35.176" level="INFO">${serviceId} = 65f314ce4411559f35b4384c</msg>
<status status="PASS" starttime="20240314 12:16:35.175" endtime="20240314 12:16:35.176"/>
</kw>
<kw name="Log" library="BuiltIn">
<arg>${serviceId}</arg>
<doc>Logs the given message with the given level.</doc>
<msg timestamp="20240314 12:16:35.178" level="INFO">65f314ce4411559f35b4384c</msg>
<status status="PASS" starttime="20240314 12:16:35.177" endtime="20240314 12:16:35.178"/>
</kw>
<kw name="Log" library="BuiltIn">
<arg>${response.content}</arg>
<doc>Logs the given message with the given level.</doc>
<msg timestamp="20240314 12:16:35.211" level="INFO">{"regularDepartures":[{"_id":"65f306aa92420c55833c06bb","restrictPassengers":{"enabled":false,"passengersMustComply":true,"allowedOnValidation":[],"allowedOnReservation":[],"allowedOnVisibility":[]},"superCommunities":[],"communities":[{"_id":"653fd601f90509541a748683","name":"Pruebas Automatizaci\xc3\xb3n","avatar":"https://s3.amazonaws.com/allride.uploads/communityAvatar_653fd601f90509541a748683_1699885119125.png"}],"assistantIds":[],"active":false,"sharing":true,"disabled":false,"internal":false,"rounds":0,"distance":0,"scheduled":true,"odd":false,"estimatedDistance":0,"extraMinutes":0,"placeWaitTime":0,"hasExternalGPS":false,"allowsServiceSnapshots":false,"allowsNonServiceSnapshots":false,"allowsSnapshots":false,"allowsDistance":false,"usesOfflineCount":false,"communityId":"653fd601f90509541a748683","driverId":{"_id":"6582e724938e4e7b3bcf9f0a","code":"753","name":"Conductor RDD Abierto"},"driverCode":"753","drivers":[],"vehicleId":{"_id":"6553b81315e27f4db2b45935","plate":"ABCD12","code":"1111"},"busCode":"ABCD12","capacity":0,"routeId":{"_id":"65f306a54411559f35b425c9","excludePassengers":{"active":false,"excludeType":"dontHide"},"scheduling":{"enabled":true,"limitUnit":"minutes","limitAmount":30,"lateNotification":{"enabled":false,"amount":0,"unit":"minutes"},"stopNotification":{"enabled":false,"amount":0,"unit":"minutes"},"startLimit":{"upperLimit":{"amount":60,"unit":"minutes"},"lowerLimit":{"amount":30,"unit":"minutes"}},"schedule":[{"capped":{"enabled":false,"capacity":0},"restrictPassengers":{"validation":{"enabled":false,"parameter":[]},"reservation":{"enabled":false,"parameter":[]},"visibility":{"enabled":false,"parameter":[]},"enabled":false,"passengersMustComply":true,"allowedOnValidation":[],"allowedOnReservation":[],"allowedOnVisibility":[]},"enabled":true,"_id":"65f306a54411559f35b425d0","day":"thu","time":"22:00","estimatedArrival":null,"stopSchedule":[],"vehicleCategoryId":null,"defaultResources":[]}],"stopOnReservation":true,"restrictions":{"customParams":{"enabled":false,"params":[]},"_id":"65f306a54411559f35b425d1"}},"endDepartureNotice":{"enabled":false,"lastStop":null},"restrictPassengers":{"enabled":false,"allowed":[],"visibility":{"enabled":false,"excludes":false,"parameters":[]},"reservation":{"enabled":false,"parameters":[]},"validation":{"enabled":false,"parameters":[]}},"snapshots":{"enabled":false},"validationParams":{"driverParams":[],"passengerParams":[]},"canResume":{"timeLimit":{"enabled":false,"amount":5,"unit":"minutes"},"enabled":false},"departureHourFulfillment":{"enabled":false,"ranges":[]},"arrivalHourFulfillment":{"enabled":false,"ranges":[]},"validateDeparture":{"enabled":false},"assistantIds":[],"superCommunities":[],"communities":["653fd601f90509541a748683"],"active":true,"visible":true,"internal":false,"anchorStops":["655d11d88a5a1a1ff0328466","655d11d88a5a1a1ff0328464"],"isStatic":false,"labels":[],"hasExternalGPS":false,"hasCapacity":false,"hasBeacons":false,"hasRounds":false,"hasBoardingCount":false,"hasUnboardingCount":false,"usesBusCode":false,"usesVehicleList":true,"dynamicSeatAssignment":true,"usesDriverCode":false,"usesDriverPin":false,"usesTickets":false,"usesTextToSpeech":false,"allowsManualValidation":false,"allowsRating":false,"allowsOnlyExistingDrivers":false,"allowsMultipleDrivers":false,"startsOnStop":false,"notNearStop":false,"allowsNonServiceSnapshots":false,"allowsServiceSnapshots":false,"allowsDistance":false,"usesOfflineCount":false,"hasBoardings":true,"hasUnboardings":true,"usesManualSeat":true,"noPassengerInfo":false,"showParable":false,"showStops":true,"allowGenericVehicles":true,"usesVehicleQRLink":false,"skipDeclaration":false,"skipQRValidation":false,"name":"2 Ruta Calendarizada RF 2024-03-14","shapeId":"65ef61d24067ca9996c8986e","description":"prueba","extraInfo":"","color":"b86a6a","legOptions":[],"ownerIds":[{"_id":"65f306a54411559f35b425cd","id":"653fd601f90509541a748683","role":"community"}],"segments":[],"roundOrder":[{"notifyIfPassed":false,"_id":"65f306a54411559f35b425ce","stopId":"655d11d88a5a1a1ff0328466"},{"notifyIfPassed":false,"_id":"65f306a54411559f35b425cf","stopId":"655d11d88a5a1a1ff0328464"}],"communityId":"653fd601f90509541a748683","timeOnRoute":1,"distance":39,"distanceInMeters":258,"originStop":{"_id":"655d11d88a5a1a1ff0328466","oDDConfig":{"stopIds":[],"options":[]},"categories":["odd"],"communities":["653fd601f90509541a748683"],"superCommunities":[],"name":"Alto Las Condes Avenida Presidente Kennedy Lateral, Las Condes, Chile","address":"Alto Las Condes Avenida Presidente Kennedy Lateral, Las Condes, Chile","lat":-33.3908833,"lon":-70.54620129999999,"loc":[-70.54620129999999,-33.3908833],"ownerIds":[{"_id":"65f2ee064411559f35b408f9","id":"653fd601f90509541a748683","role":"community"}],"users":[],"createdAt":"2023-11-21T20:23:52.933Z","updatedAt":"2024-03-14T12:35:33.635Z","__v":0},"destinationStop":{"_id":"655d11d88a5a1a1ff0328464","oDDConfig":{"stopIds":[],"options":[]},"categories":["odd"],"communities":["653fd601f90509541a748683"],"superCommunities":[],"name":"Mall Apumanque Avenida Manquehue Sur, Las Condes, Chile","address":"Mall Apumanque Avenida Manquehue Sur, Las Condes, Chile","lat":-33.4098734,"lon":-70.5673477,"loc":[-70.5673477,-33.4098734],"ownerIds":[{"_id":"65f2ee064411559f35b408f9","id":"653fd601f90509541a748683","role":"community"}],"users":[],"createdAt":"2023-11-21T20:23:52.925Z","updatedAt":"2024-03-14T12:35:33.635Z","__v":0},"customParams":{"enabled":false,"params":[]},"customParamsAtTheEnd":{"enabled":false,"params":[]},"createdAt":"2024-03-14T14:16:05.758Z","updatedAt":"2024-03-14T14:16:05.758Z","__v":1},"serviceId":"65f306a54411559f35b425db","serviceDate":"2024-03-15T01:00:00.000Z","reservations":[{"waitTime":0,"validated":false,"fromApp":false,"joined":false,"approvedByDriver":true,"_id":"65f306af92420c55833c06d5","userId":"65e8e076337a90a35ba6e8dd","seat":"2","stopId":"655d11d88a5a1a1ff0328464"},{"waitTime":0,"validated":false,"fromApp":false,"joined":false,"approvedByDriver":true,"_id":"65f306b14411559f35b42614","userId":"654a5148bf3e9410d0bcd39a","seat":"1","stopId":"655d11d88a5a1a1ff0328464"},{"waitTime":0,"validated":false,"fromApp":false,"joined":false,"approvedByDriver":true,"_id":"65f306b24411559f35b42624","userId":"65e092afca7842b1032f12e2","seat":"3","stopId":"655d11d88a5a1a1ff0328464"}],"state":"accepted","categories":[],"trail":[],"legs":[{"distance":0,"_id":"65f308c84411559f35b42717","type":"pre","startedAt":"2024-03-14T14:25:12.847Z","realStartLocation":{"_id":"65f308c84411559f35b42718","lat":-33.3908833,"lon":-70.54620129999999,"loc":[-70.54620129999999,-33.3908833]},"preTripChecklist":[],"customParamsAtStart":[],"driverId":"6582e724938e4e7b3bcf9f0a","customParamsAtTheEnd":[],"endedAt":"2024-03-14T14:27:03.038Z","realEndLocation":{"_id":"65f309374411559f35b42733","lat":-33.3908833,"lon":-70.54620129999999,"loc":[-70.54620129999999,-33.3908833]}},{"distance":0,"_id":"65f30b264411559f35b427dc","type":"service","startedAt":"2024-03-14T14:35:18.597Z","realStartLocation":{"_id":"65f30b264411559f35b427dd","lat":-33.3908833,"lon":-70.54620129999999,"loc":[-70.54620129999999,-33.3908833]},"driverId":"6582e724938e4e7b3bcf9f0a","preTripChecklist":[],"customParamsAtStart":[],"customParamsAtTheEnd":[],"realEndLocation":{"_id":"65f30ff64411559f35b42e36","lat":-72.6071614,"lon":-38.7651863,"loc":[-38.7651863,-72.6071614]},"endedAt":"2024-03-14T14:55:50.240Z"},{"distance":0,"_id":"65f30ff64411559f35b42e37","type":"post","startedAt":"2024-03-14T14:55:50.243Z","realStartLocation":{"_id":"65f30ff64411559f35b42e38","lat":-72.6071614,"lon":-38.7651863,"loc":[-38.7651863,-72.6071614]},"driverId":"6582e724938e4e7b3bcf9f0a","preTripChecklist":[],"customParamsAtStart":[],"customParamsAtTheEnd":[],"endedAt":"2024-03-14T14:57:42.515Z","realEndLocation":{"_id":"65f310664411559f35b42ee9","lat":-72.6071614,"lon":-38.7651863,"loc":[-38.7651863,-72.6071614]}}],"stateHistory":[{"_id":"65f306aa92420c55833c06bf","state":"pending","date":"2024-03-14T14:16:10.099Z"},{"_id":"65f306b592420c55833c06f2","state":"accepted","driverId":"6582e724938e4e7b3bcf9f0a","date":"2024-03-14T14:16:21.230Z"},{"_id":"65f306b592420c55833c06f3","state":"accepted","driverId":"6582e724938e4e7b3bcf9f0a","date":"2024-03-14T14:16:21.253Z"},{"_id":"65f306b592420c55833c06f5","state":"accepted","date":"2024-03-14T14:16:21.273Z"}],"deviceHistory":[],"apportionByCategories":[],"customParams":[],"customParamsAtTheEnd":[],"preTripChecklist":[],"startCapacity":3,"createdAt":"2024-03-14T14:16:10.099Z","updatedAt":"2024-03-14T14:57:42.549Z","__v":7,"realStartLocation":{"_id":"65f30b264411559f35b427db","lat":-33.3908833,"lon":-70.54620129999999,"loc":[-70.54620129999999,-33.3908833]},"startedAt":"2024-03-14T14:35:18.598Z","boardings":6,"unboardings":3,"endedAt":"2024-03-14T14:57:42.544Z","realEndLocation":{"_id":"65f310664411559f35b42eea","lat":-72.6071614,"lon":-38.7651863,"loc":[-38.7651863,-72.6071614]},"validations":4}],"scheduledServices":[{"_id":"65dbd2298b8f5dc63862327b","restrictPassengers":{"enabled":false,"passengersMustComply":true,"allowedOnValidation":[],"allowedOnReservation":[],"allowedOnVisibility":[]},"superCommunities":[{"_id":"653fd68233d83952fafcd4be","name":"SC - Automatizaci\xc3\xb3n","avatar":"https://s3.amazonaws.com/allride.uploads/superCommunityAvatar_653fd601f90509541a748683_1699885179092.png"}],"communities":[{"_id":"653fd601f90509541a748683","name":"Pruebas Automatizaci\xc3\xb3n","avatar":"https://s3.amazonaws.com/allride.uploads/communityAvatar_653fd601f90509541a748683_1699885119125.png"}],"active":true,"hasAssignedResources":true,"blocked":false,"disabled":true,"routeId":{"_id":"65bc0633c9e5a7a22a61d013","excludePassengers":{"active":false,"excludeType":"dontHide"},"scheduling":{"enabled":true,"limitUnit":"minutes","limitAmount":30,"lateNotification":{"enabled":false,"amount":0,"unit":"minutes"},"stopNotification":{"enabled":false,"amount":0,"unit":"minutes"},"startLimit":{"upperLimit":{"amount":60,"unit":"minutes"},"lowerLimit":{"amount":30,"unit":"minutes"}},"schedule":[{"capped":{"enabled":false,"capacity":0},"restrictPassengers":{"enabled":false,"passengersMustComply":true,"allowedOnValidation":[],"allowedOnReservation":[],"allowedOnVisibility":[]},"enabled":true,"_id":"65bc0633c9e5a7a22a61d018","day":"thu","time":"16:00","estimatedArrival":null,"stopSchedule":[],"vehicleCategoryId":null,"defaultResources":[{"_id":"65bc0633c9e5a7a22a61d019","driverId":"658b4c89f6f903bbee966467","vehicleId":"6553b81315e27f4db2b45935","drivers":[]}]}],"stopOnReservation":true,"restrictions":{"customParams":{"enabled":false,"params":[]},"_id":"65bc0633c9e5a7a22a61d01a"}},"endDepartureNotice":{"enabled":false,"lastStop":null},"restrictPassengers":{"enabled":false,"allowed":[],"reservation":{"enabled":false,"parameters":[]},"validation":{"enabled":false,"parameters":[]},"visibility":{"enabled":false,"parameters":[]}},"snapshots":{"enabled":false},"validationParams":{"driverParams":[],"passengerParams":[]},"canResume":{"timeLimit":{"enabled":false,"amount":5,"unit":"minutes"},"enabled":false},"departureHourFulfillment":{"enabled":false,"ranges":[]},"validateDeparture":{"enabled":false},"assistantIds":[],"superCommunities":["653fd68233d83952fafcd4be"],"communities":["653fd601f90509541a748683"],"active":false,"visible":true,"internal":false,"anchorStops":[],"isStatic":false,"labels":[],"hasExternalGPS":false,"hasCapacity":false,"hasBeacons":false,"hasRounds":false,"hasBoardingCount":false,"hasUnboardingCount":false,"usesBusCode":false,"usesVehicleList":true,"dynamicSeatAssignment":false,"usesDriverCode":false,"usesDriverPin":false,"usesTickets":false,"usesTextToSpeech":false,"allowsManualValidation":true,"allowsRating":false,"allowsOnlyExistingDrivers":false,"allowsMultipleDrivers":false,"startsOnStop":false,"notNearStop":false,"allowsNonServiceSnapshots":false,"allowsServiceSnapshots":false,"allowsDistance":false,"usesOfflineCount":false,"hasBoardings":true,"hasUnboardings":true,"usesManualSeat":true,"noPassengerInfo":false,"showParable":false,"showStops":true,"allowGenericVehicles":false,"usesVehicleQRLink":false,"skipDeclaration":false,"skipQRValidation":false,"name":"Prueba recursos por defecto 2024-02-01","shapeId":"6560b6a8479c215a1b6e9247","description":"Se verifica que los recursos por defecto no ocasionen servicios duplicados","extraInfo":"","color":"d70f0f","canReserve":true,"legOptions":[],"ownerIds":[{"_id":"65bc0633c9e5a7a22a61d017","id":"653fd601f90509541a748683","role":"community"}],"segments":[],"roundOrder":[],"superCommunityId":"653fd68233d83952fafcd4be","communityId":"653fd601f90509541a748683","timeOnRoute":71,"distance":39,"distanceInMeters":39082,"originStop":{"_id":"655d11d88a5a1a1ff0328464","oDDConfig":{"stopIds":[],"options":[]},"categories":["odd"],"communities":["653fd601f90509541a748683"],"superCommunities":[],"name":"Mall Apumanque Avenida Manquehue Sur, Las Condes, Chile","address":"Mall Apumanque Avenida Manquehue Sur, Las Condes, Chile","lat":-33.4098734,"lon":-70.5673477,"loc":[-70.5673477,-33.4098734],"ownerIds":[{"_id":"65f2ee064411559f35b408f9","id":"653fd601f90509541a748683","role":"community"}],"users":[],"createdAt":"2023-11-21T20:23:52.925Z","updatedAt":"2024-03-14T12:35:33.635Z","__v":0},"destinationStop":{"_id":"655d11d88a5a1a1ff0328466","oDDConfig":{"stopIds":[],"options":[]},"categories":["odd"],"communities":["653fd601f90509541a748683"],"superCommunities":[],"name":"Alto Las Condes Avenida Presidente Kennedy Lateral, Las Condes, Chile","address":"Alto Las Condes Avenida Presidente Kennedy Lateral, Las Condes, Chile","lat":-33.3908833,"lon":-70.54620129999999,"loc":[-70.54620129999999,-33.3908833],"ownerIds":[{"_id":"65f2ee064411559f35b408f9","id":"653fd601f90509541a748683","role":"community"}],"users":[],"createdAt":"2023-11-21T20:23:52.933Z","updatedAt":"2024-03-14T12:35:33.635Z","__v":0},"customParams":{"enabled":false,"params":[]},"customParamsAtTheEnd":{"enabled":false,"params":[]},"createdAt":"2024-02-01T20:59:31.154Z","updatedAt":"2024-03-05T14:17:32.864Z","__v":1,"arrivalHourFulfillment":{"enabled":false,"ranges":[]},"deletedAt":"2024-03-05T14:17:32.861Z"},"serviceDate":"2024-03-14T19:00:00.000Z","apportionByCategories":[],"stopSchedule":[],"resources":[{"_id":"65f2f0594411559f35b40b60","departure":{"departureId":"65f2f0594411559f35b40b58","state":"canceled","stateHistory":[{"_id":"65f2f0594411559f35b40b5c","state":"pending","date":"2024-03-14T12:40:57.699Z"}]},"driver":{"driverId":{"_id":"6582e724938e4e7b3bcf9f0a","code":"753","name":"Conductor RDD Abierto"}},"drivers":[],"vehicle":{"vehicleId":{"_id":"6553b81315e27f4db2b45935","plate":"ABCD12","code":"1111"},"capacity":5}}],"reservations":[{"_id":"65f2eae54411559f35b403b6","userId":{"_id":"65e8e076337a90a35ba6e8dd","communities":[{"confirmed":true,"_id":"65e8e0b8337a90a35ba6f384","communityId":"653fd601f90509541a748683","isAdmin":false,"isStudent":false,"custom":[{"listValue":[],"private":true,"_id":"65f1cc9faa3a1ea6d77c90f4","key":"rut","value":"169455457"}],"createdAt":"2024-03-06T21:31:36.418Z","updatedAt":"2024-03-14T02:38:29.832Z","privateBus":{"odd":{"canCreate":true,"needsAdminApproval":false,"exclusiveDepartures":false,"asapDepartures":false,"providers":[]},"enabled":true,"favoriteRoutes":["65a6f25e43fd7b6e52391fac"],"suggestedRoutes":["65ef20ffdeba52ec3c0e2f02","65a7d0d784c8d426152d3b7b","65f1c2be4411559f35b23e2e","65f1c38a4411559f35b23f93","65f262c34411559f35b3a382"],"_id":"65e97569b131f0962a545897"}}],"name":"Nico End"},"seat":"2","departureId":"65dbd2298b8f5dc63862327c","stopId":"655d11d88a5a1a1ff0328464","createdAt":"2024-03-14T12:17:41.846Z","updatedAt":"2024-03-14T12:17:41.846Z"},{"_id":"65f2ee0e92420c55833be49e","userId":{"_id":"654a5148bf3e9410d0bcd39a","communities":[{"confirmed":true,"_id":"654a523a9a607739702dbbde","communityId":"653fd601f90509541a748683","isAdmin":false,"isStudent":false,"custom":[{"listValue":[],"private":false,"_id":"65df8e85ca7842b1032ecf21","key":"rut","value":"126278489"},{"listValue":[],"private":true,"_id":"65df8e85ca7842b1032ecf22","key":"Validaci\xc3\xb3n para restricci\xc3\xb3n de pasajeros","value":"ABC1"}],"createdAt":"2023-11-07T15:05:30.352Z","updatedAt":"2024-02-28T19:50:29.937Z","privateBus":{"odd":{"canCreate":true,"needsAdminApproval":false,"exclusiveDepartures":false,"providers":[]},"enabled":true,"favoriteRoutes":[],"suggestedRoutes":["65c295969737af737eaab0cf","65c37f7b9737af737eab0431","65c387059737af737eab0b8f","65c382c9db940c55d60ac19b","65c37e34db940c55d60abc8d","65c383a7db940c55d60ac389"],"_id":"6557679d7c8bfa7bb15efae8"}}],"name":"Pedro Pascal"},"seat":"2","departureId":"65f2eae292420c55833bdee5","stopId":"655d11d88a5a1a1ff0328464","createdAt":"2024-03-14T12:31:10.422Z","updatedAt":"2024-03-14T12:31:10.422Z"},{"_id":"65f2ee114411559f35b40956","userId":{"_id":"65e092afca7842b1032f12e2","communities":[{"confirmed":true,"_id":"65e0937acd6b6cc50aad1131","communityId":"653fd601f90509541a748683","isAdmin":false,"isStudent":false,"custom":[{"listValue":[],"private":true,"_id":"65e0937acd6b6cc50aad1132","key":"rut","value":"126606826"}],"createdAt":"2024-02-29T14:23:54.877Z","updatedAt":"2024-02-29T16:20:40.123Z","privateBus":{"odd":{"canCreate":true,"needsAdminApproval":false,"exclusiveDepartures":false,"asapDepartures":false,"providers":[]},"enabled":true,"favoriteRoutes":[],"suggestedRoutes":["65df4d85cd6b6cc50aac6fd8","65e0a0d7cd6b6cc50aad18cf","65de28b08b8f5dc63862df54","65e0ad3eca7842b1032f2e39"],"_id":"65e09676ca7842b1032f15de"}}],"name":"Kra tos"},"seat":"3","departureId":"65f2eae292420c55833bdee5","stopId":"655d11d88a5a1a1ff0328464","createdAt":"2024-03-14T12:31:13.163Z","updatedAt":"2024-03-14T12:31:13.163Z"},{"_id":"65f2f0614411559f35b40b82","userId":{"_id":"653ff69df90509541a74988b","communities":[{"confirmed":true,"_id":"653ffd6ef90509541a749dbe","communityId":"653fd601f90509541a748683","isAdmin":false,"isStudent":false,"custom":[{"listValue":[],"private":true,"_id":"653ffd6ef90509541a749dbf","key":"Rut","value":"198408964"},{"listValue":[],"private":true,"_id":"65ae921f0d9d7e7f8af37001","key":"rut","value":""}],"createdAt":"2023-10-30T19:01:02.167Z","updatedAt":"2024-02-15T20:20:18.282Z","privateBus":{"odd":{"canCreate":true,"needsAdminApproval":true,"exclusiveDepartures":false,"providers":[]},"enabled":true,"favoriteRoutes":[],"suggestedRoutes":["65c4e9e89737af737eab861a","65ce719ac09ffbbc90927ead"],"_id":"653ffda633d83952fafcfd12"}}],"name":"Naru To"},"seat":"2","departureId":"65f2ee0a92420c55833be47f","stopId":"655d11d88a5a1a1ff0328464","createdAt":"2024-03-14T12:41:05.024Z","updatedAt":"2024-03-14T12:41:05.024Z"}],"superCommunityId":"653fd68233d83952fafcd4be","communityId":"653fd601f90509541a748683","createdAt":"2024-02-25T23:50:01.337Z","updatedAt":"2024-03-14T14:00:00.075Z","__v":7,"assignedAt":"2024-03-14T12:40:57.673Z","unassignedReservations":0,"resourceDrivers":[{"_id":"6582e724938e4e7b3bcf9f0a","code":"753","name":"Conductor RDD Abierto"}],"resourceVehicles":[{"_id":"6553b81315e27f4db2b45935","plate":"ABCD12","code":"1111"}]},{"_id":"65dbd2298b8f5dc6386232a9","restrictPassengers":{"enabled":false,"passengersMustComply":true,"allowedOnValidation":[],"allowedOnReservation":[],"allowedOnVisibility":[]},"superCommunities":[{"_id":"653fd68233d83952fafcd4be","name":"SC - Automatizaci\xc3\xb3n","avatar":"https://s3.amazonaws.com/allride.uploads/superCommunityAvatar_653fd601f90509541a748683_1699885179092.png"}],"communities":[{"_id":"653fd601f90509541a748683","name":"Pruebas Automatizaci\xc3\xb3n","avatar":"https://s3.amazonaws.com/allride.uploads/communityAvatar_653fd601f90509541a748683_1699885119125.png"}],"active":true,"hasAssignedResources":false,"blocked":false,"disabled":true,"routeId":{"_id":"65bc08d657263bb46c80ad13","excludePassengers":{"active":false,"excludeType":"dontHide"},"scheduling":{"enabled":true,"limitUnit":"minutes","limitAmount":30,"lateNotification":{"enabled":false,"amount":0,"unit":"minutes"},"stopNotification":{"enabled":false,"amount":0,"unit":"minutes"},"startLimit":{"upperLimit":{"amount":60,"unit":"minutes"},"lowerLimit":{"amount":30,"unit":"minutes"}},"schedule":[{"capped":{"enabled":false,"capacity":0},"restrictPassengers":{"enabled":false,"passengersMustComply":true,"allowedOnValidation":[],"allowedOnReservation":[],"allowedOnVisibility":[]},"enabled":true,"_id":"65bc08d657263bb46c80ad18","day":"thu","time":"16:00","estimatedArrival":null,"stopSchedule":[],"vehicleCategoryId":null,"defaultResources":[{"_id":"65bc08d657263bb46c80ad19","driverId":"658b4c89f6f903bbee966467","vehicleId":"6553b81315e27f4db2b45935","drivers":[]}]}],"stopOnReservation":true,"restrictions":{"customParams":{"enabled":false,"params":[]},"_id":"65bc08d657263bb46c80ad1a"}},"endDepartureNotice":{"enabled":false,"lastStop":null},"restrictPassengers":{"enabled":false,"allowed":[],"reservation":{"enabled":false,"parameters":[]},"validation":{"enabled":false,"parameters":[]},"visibility":{"enabled":false,"parameters":[]}},"snapshots":{"enabled":false},"validationParams":{"driverParams":[],"passengerParams":[]},"canResume":{"timeLimit":{"enabled":false,"amount":5,"unit":"minutes"},"enabled":false},"departureHourFulfillment":{"enabled":false,"ranges":[]},"validateDeparture":{"enabled":false},"assistantIds":[],"superCommunities":["653fd68233d83952fafcd4be"],"communities":["653fd601f90509541a748683"],"active":false,"visible":true,"internal":false,"anchorStops":[],"isStatic":false,"labels":[],"hasExternalGPS":false,"hasCapacity":false,"hasBeacons":false,"hasRounds":false,"hasBoardingCount":false,"hasUnboardingCount":false,"usesBusCode":false,"usesVehicleList":true,"dynamicSeatAssignment":false,"usesDriverCode":false,"usesDriverPin":false,"usesTickets":false,"usesTextToSpeech":false,"allowsManualValidation":true,"allowsRating":false,"allowsOnlyExistingDrivers":false,"allowsMultipleDrivers":false,"startsOnStop":false,"notNearStop":false,"allowsNonServiceSnapshots":false,"allowsServiceSnapshots":false,"allowsDistance":false,"usesOfflineCount":false,"hasBoardings":true,"hasUnboardings":true,"usesManualSeat":true,"noPassengerInfo":false,"showParable":false,"showStops":true,"allowGenericVehicles":false,"usesVehicleQRLink":false,"skipDeclaration":false,"skipQRValidation":false,"name":"Prueba recursos por defecto 2024-02-01","shapeId":"6560b6a8479c215a1b6e9247","description":"Se verifica que los recursos por defecto no ocasionen servicios duplicados","extraInfo":"","color":"d70f0f","canReserve":true,"legOptions":[],"ownerIds":[{"_id":"65bc08d657263bb46c80ad17","id":"653fd601f90509541a748683","role":"community"}],"segments":[],"roundOrder":[],"superCommunityId":"653fd68233d83952fafcd4be","communityId":"653fd601f90509541a748683","timeOnRoute":71,"distance":39,"distanceInMeters":39082,"originStop":{"_id":"655d11d88a5a1a1ff0328464","oDDConfig":{"stopIds":[],"options":[]},"categories":["odd"],"communities":["653fd601f90509541a748683"],"superCommunities":[],"name":"Mall Apumanque Avenida Manquehue Sur, Las Condes, Chile","address":"Mall Apumanque Avenida Manquehue Sur, Las Condes, Chile","lat":-33.4098734,"lon":-70.5673477,"loc":[-70.5673477,-33.4098734],"ownerIds":[{"_id":"65f2ee064411559f35b408f9","id":"653fd601f90509541a748683","role":"community"}],"users":[],"createdAt":"2023-11-21T20:23:52.925Z","updatedAt":"2024-03-14T12:35:33.635Z","__v":0},"destinationStop":{"_id":"655d11d88a5a1a1ff0328466","oDDConfig":{"stopIds":[],"options":[]},"categories":["odd"],"communities":["653fd601f90509541a748683"],"superCommunities":[],"name":"Alto Las Condes Avenida Presidente Kennedy Lateral, Las Condes, Chile","address":"Alto Las Condes Avenida Presidente Kennedy Lateral, Las Condes, Chile","lat":-33.3908833,"lon":-70.54620129999999,"loc":[-70.54620129999999,-33.3908833],"ownerIds":[{"_id":"65f2ee064411559f35b408f9","id":"653fd601f90509541a748683","role":"community"}],"users":[],"createdAt":"2023-11-21T20:23:52.933Z","updatedAt":"2024-03-14T12:35:33.635Z","__v":0},"customParams":{"enabled":false,"params":[]},"customParamsAtTheEnd":{"enabled":false,"params":[]},"createdAt":"2024-02-01T21:10:46.912Z","updatedAt":"2024-03-05T14:17:38.327Z","__v":1,"arrivalHourFulfillment":{"enabled":false,"ranges":[]},"deletedAt":"2024-03-05T14:17:38.324Z"},"serviceDate":"2024-03-14T19:00:00.000Z","apportionByCategories":[],"stopSchedule":[],"resources":[{"_id":"65dbd2298b8f5dc6386232ae","departure":{"departureId":"65dbd2298b8f5dc6386232aa","state":"canceled","stateHistory":[{"_id":"65dbd2298b8f5dc6386232af","state":"pending","date":"2024-02-25T23:50:01.454Z"}]},"vehicle":{"vehicleId":{"_id":"6553b81315e27f4db2b45935","plate":"ABCD12","code":"1111"},"capacity":3},"driver":{"driverId":{"_id":"658b4c89f6f903bbee966467","code":"1712","name":"Conductor Regular"}},"drivers":[]}],"reservations":[],"superCommunityId":"653fd68233d83952fafcd4be","communityId":"653fd601f90509541a748683","createdAt":"2024-02-25T23:50:01.470Z","updatedAt":"2024-03-14T13:59:56.385Z","__v":0,"unassignedReservations":0,"resourceDrivers":[{"_id":"658b4c89f6f903bbee966467","code":"1712","name":"Conductor Regular"}],"resourceVehicles":[{"_id":"6553b81315e27f4db2b45935","plate":"ABCD12","code":"1111"}]},{"_id":"65dbd2298b8f5dc638623255","restrictPassengers":{"enabled":false,"passengersMustComply":true,"allowedOnValidation":[],"allowedOnReservation":[],"allowedOnVisibility":[]},"superCommunities":[{"_id":"653fd68233d83952fafcd4be","name":"SC - Automatizaci\xc3\xb3n","avatar":"https://s3.amazonaws.com/allride.uploads/superCommunityAvatar_653fd601f90509541a748683_1699885179092.png"}],"communities":[{"_id":"653fd601f90509541a748683","name":"Pruebas Automatizaci\xc3\xb3n","avatar":"https://s3.amazonaws.com/allride.uploads/communityAvatar_653fd601f90509541a748683_1699885119125.png"}],"active":true,"hasAssignedResources":false,"blocked":false,"disabled":true,"routeId":{"_id":"65b2a2c5f8cc28c34f676e37","excludePassengers":{"active":false,"excludeType":"dontHide"},"scheduling":{"enabled":true,"limitUnit":"minutes","limitAmount":30,"lateNotification":{"enabled":false,"amount":0,"unit":"minutes"},"stopNotification":{"enabled":false,"amount":0,"unit":"minutes"},"startLimit":{"upperLimit":{"amount":60,"unit":"minutes"},"lowerLimit":{"amount":30,"unit":"minutes"}},"schedule":[{"capped":{"enabled":false,"capacity":0},"restrictPassengers":{"enabled":false,"allowedOnValidation":[],"allowedOnReservation":[]},"enabled":true,"_id":"65b2a2c5f8cc28c34f676e3c","day":"thu","time":"21:00","estimatedArrival":null,"stopSchedule":[],"vehicleCategoryId":null,"defaultResources":[]}],"stopOnReservation":false,"restrictions":{"customParams":{"enabled":false,"params":[]},"_id":"65b2a2c5f8cc28c34f676e3d"}},"endDepartureNotice":{"en
[...]
 path_url=/api/v2/pb/driver/emergency 
 headers={'User-Agent': 'python-requests/2.31.0', 'Accept-Encoding': 'gzip, deflate', 'Accept': '*/*', 'Connection': 'keep-alive', 'Authorization': 'Bearer 4355d9c9043642598fb578601aa26618a33d654987ab0725f631dceca86e78e42d64bb594ebf46b83dd36ce766c914af68700bfa01c3a7005bca622545e6b77b', 'Content-Type': 'application/json', 'Content-Length': '52'} 
 body={"latitude":"-72.6071614","longitude":"-38.7651863"} 
 </msg>
<msg timestamp="20240314 12:16:57.556" level="INFO">POST Response : url=https://stage.allrideapp.com/api/v2/pb/driver/emergency 
 status=200, reason=OK 
 headers={'Date': 'Thu, 14 Mar 2024 15:16:57 GMT', 'Content-Type': 'application/json; charset=utf-8', 'Content-Length': '465', 'Connection': 'keep-alive', 'Server': 'nginx', 'X-DNS-Prefetch-Control': 'off', 'X-Frame-Options': 'SAMEORIGIN', 'Strict-Transport-Security': 'max-age=15552000; includeSubDomains', 'X-Download-Options': 'noopen', 'X-Content-Type-Options': 'nosniff', 'X-XSS-Protection': '1; mode=block', 'Access-Control-Allow-Origin': '*', 'ETag': 'W/"1d1-+0GvEX6scrVCVxIiN9Wjl2bx5nA"'} 
 body={"communities":["653fd601f90509541a748683"],"_id":"65f314e992420c55833c175a","departureId":"65f314d44411559f35b4385c","routeId":"65f314ce4411559f35b4383a","communityId":"653fd601f90509541a748683","driverId":"6582e724938e4e7b3bcf9f0a","driverCode":"753","vehicleId":"6553b81315e27f4db2b45935","busCode":"ABCD12","lat":-72.6071614,"lon":-38.7651863,"loc":[-72.6071614,-38.7651863],"createdAt":"2024-03-14T15:16:57.514Z","updatedAt":"2024-03-14T15:16:57.514Z","__v":0} 
 </msg>
<msg timestamp="20240314 12:16:57.556" level="INFO">${response} = &lt;Response [200]&gt;</msg>
<status status="PASS" starttime="20240314 12:16:56.643" endtime="20240314 12:16:57.556"/>
</kw>
<kw name="Convert To String" library="BuiltIn">
<var>${code}</var>
<arg>${response.status_code}</arg>
<doc>Converts the given item to a Unicode string.</doc>
<msg timestamp="20240314 12:16:57.559" level="INFO">${code} = 200</msg>
<status status="PASS" starttime="20240314 12:16:57.558" endtime="20240314 12:16:57.560"/>
</kw>
<kw name="Status Should Be" library="RequestsLibrary">
<arg>200</arg>
<doc>Fails if response status code is different than the expected.</doc>
<status status="PASS" starttime="20240314 12:16:57.560" endtime="20240314 12:16:57.561"/>
</kw>
<kw name="Log" library="BuiltIn">
<arg>${code}</arg>
<doc>Logs the given message with the given level.</doc>
<msg timestamp="20240314 12:16:57.562" level="INFO">200</msg>
<status status="PASS" starttime="20240314 12:16:57.561" endtime="20240314 12:16:57.562"/>
</kw>
<status status="PASS" starttime="20240314 12:16:56.638" endtime="20240314 12:16:57.563"/>
</test>
<test id="s1-t27" name="Stop Departure With Post Leg" line="614">
<kw name="Create Session" library="RequestsLibrary">
<arg>mysesion</arg>
<arg>${STAGE_URL}</arg>
<arg>verify=true</arg>
<doc>Create Session: create a HTTP session to a server</doc>
<msg timestamp="20240314 12:16:57.567" level="INFO">Creating Session using : alias=mysesion, url=https://stage.allrideapp.com, headers={},                     cookies={}, auth=None, timeout=None, proxies=None, verify=True,                     debug=0 </msg>
<status status="PASS" starttime="20240314 12:16:57.566" endtime="20240314 12:16:57.567"/>
</kw>
<kw name="Create Dictionary" library="BuiltIn">
<var>${headers}</var>
<arg>Authorization=${departureToken}</arg>
<arg>Content-Type=application/json</arg>
<doc>Creates and returns a dictionary based on the given ``items``.</doc>
<msg timestamp="20240314 12:16:57.569" level="INFO">${headers} = {'Authorization': 'Bearer 4355d9c9043642598fb578601aa26618a33d654987ab0725f631dceca86e78e42d64bb594ebf46b83dd36ce766c914af68700bfa01c3a7005bca622545e6b77b', 'Content-Type': 'application/json'}</msg>
<status status="PASS" starttime="20240314 12:16:57.568" endtime="20240314 12:16:57.569"/>
</kw>
<kw name="POST On Session" library="RequestsLibrary">
<var>${response}</var>
<arg>mysesion</arg>
<arg>url=/api/v2/pb/driver/departure/stop</arg>
<arg>data={"customParamsAtEnd":[],"customParamsAtStart":null,"endLat":"-72.6071614","endLon":"-38.7651863","nextLeg":true,"post":{"customParamsAtEnd":null,"customParamsAtStart":null,"preTripChecklist":null},"pre":{"customParamsAtEnd":null,"customParamsAtStart":null,"preTripChecklist":null},"preTripChecklist":null,"service":{"customParamsAtEnd":null,"customParamsAtStart":null,"preTripChecklist":null},"shareToUsers":false}</arg>
<arg>headers=${headers}</arg>
<doc>Sends a POST request on a previously created HTTP Session.</doc>
<msg timestamp="20240314 12:16:58.475" level="INFO">POST Request : url=https://stage.allrideapp.com/api/v2/pb/driver/departure/stop 
 path_url=/api/v2/pb/driver/departure/stop 
 headers={'User-Agent': 'python-requests/2.31.0', 'Accept-Encoding': 'gzip, deflate', 'Accept': '*/*', 'Connection': 'keep-alive', 'Authorization': 'Bearer 4355d9c9043642598fb578601aa26618a33d654987ab0725f631dceca86e78e42d64bb594ebf46b83dd36ce766c914af68700bfa01c3a7005bca622545e6b77b', 'Content-Type': 'application/json', 'Content-Length': '414'} 
 body={"customParamsAtEnd":[],"customParamsAtStart":null,"endLat":"-72.6071614","endLon":"-38.7651863","nextLeg":true,"post":{"customParamsAtEnd":null,"customParamsAtStart":null,"preTripChecklist":null},"pre":{"customParamsAtEnd":null,"customParamsAtStart":null,"preTripChecklist":null},"preTripChecklist":null,"service":{"customParamsAtEnd":null,"customParamsAtStart":null,"preTripChecklist":null},"shareToUsers":false} 
 </msg>
<msg timestamp="20240314 12:16:58.475" level="INFO">POST Response : url=https://stage.allrideapp.com/api/v2/pb/driver/departure/stop 
 status=200, reason=OK 
 headers={'Date': 'Thu, 14 Mar 2024 15:16:58 GMT', 'Content-Type': 'application/json; charset=utf-8', 'Content-Length': '3720', 'Connection': 'keep-alive', 'Server': 'nginx', 'X-DNS-Prefetch-Control': 'off', 'X-Frame-Options': 'SAMEORIGIN', 'Strict-Transport-Security': 'max-age=15552000; includeSubDomains', 'X-Download-Options': 'noopen', 'X-Content-Type-Options': 'nosniff', 'X-XSS-Protection': '1; mode=block', 'Access-Control-Allow-Origin': '*', 'ETag': 'W/"e88-kd68qnP3FuXBgYi08z4RSyAI5JU"'} 
 body={"restrictPassengers":{"enabled":false,"passengersMustComply":true,"allowedOnValidation":[],"allowedOnReservation":[],"allowedOnVisibility":[]},"superCommunities":[],"communities":["653fd601f90509541a748683"],"assistantIds":[],"active":true,"sharing":true,"disabled":false,"internal":false,"rounds":0,"distance":0,"scheduled":true,"odd":false,"estimatedDistance":0,"extraMinutes":0,"placeWaitTime":0,"hasExternalGPS":false,"allowsServiceSnapshots":false,"allowsNonServiceSnapshots":false,"allowsSnapshots":false,"allowsDistance":false,"usesOfflineCount":false,"_id":"65f314d44411559f35b4385c","communityId":"653fd601f90509541a748683","driverId":"6582e724938e4e7b3bcf9f0a","driverCode":"753","drivers":[],"vehicleId":"6553b81315e27f4db2b45935","busCode":"ABCD12","capacity":0,"routeId":"65f314ce4411559f35b4383a","serviceId":"65f314ce4411559f35b4384c","serviceDate":"2024-03-15T01:00:00.000Z","reservations":[{"waitTime":0,"validated":true,"fromApp":false,"joined":false,"approvedByDriver":true,"_id":"65f314da92420c55833c16dd","userId":"65e8e076337a90a35ba6e8dd","seat":"2","stopId":"655d11d88a5a1a1ff0328464"},{"waitTime":0,"validated":false,"fromApp":false,"joined":false,"approvedByDriver":true,"_id":"65f314db92420c55833c16ed","userId":"654a5148bf3e9410d0bcd39a","seat":"1","stopId":"655d11d88a5a1a1ff0328464"},{"waitTime":0,"validated":false,"fromApp":false,"joined":false,"approvedByDriver":true,"_id":"65f314dd4411559f35b43885","userId":"65e092afca7842b1032f12e2","seat":"3","stopId":"655d11d88a5a1a1ff0328464"}],"state":"accepted","categories":[],"trail":[],"legs":[{"distance":0,"_id":"65f314e092420c55833c170e","type":"pre","startedAt":"2024-03-14T15:16:48.379Z","realStartLocation":{"_id":"65f314e092420c55833c170f","lat":-33.3908833,"lon":-70.54620129999999,"loc":[-70.54620129999999,-33.3908833]},"preTripChecklist":[],"customParamsAtStart":[],"driverId":"6582e724938e4e7b3bcf9f0a","customParamsAtTheEnd":[],"realEndLocation":{"_id":"65f314ea4411559f35b438d7","lat":-72.6071614,"lon":-38.7651863,"loc":[-38.7651863,-72.6071614]},"endedAt":"2024-03-14T15:16:58.410Z"},{"distance":0,"_id":"65f314ea4411559f35b438d8","type":"post","startedAt":"2024-03-14T15:16:58.413Z","realStartLocation":{"_id":"65f314ea4411559f35b438d9","lat":-72.6071614,"lon":-38.7651863,"loc":[-38.7651863,-72.6071614]},"driverId":"6582e724938e4e7b3bcf9f0a","preTripChecklist":[],"customParamsAtStart":[],"customParamsAtTheEnd":[]}],"stateHistory":[{"_id":"65f314d44411559f35b43860","state":"pending","date":"2024-03-14T15:16:36.966Z"},{"_id":"65f314df92420c55833c1700","state":"accepted","driverId":"6582e724938e4e7b3bcf9f0a","date":"2024-03-14T15:16:47.429Z"},{"_id":"65f314df92420c55833c1701","state":"accepted","driverId":"6582e724938e4e7b3bcf9f0a","date":"2024-03-14T15:16:47.455Z"},{"_id":"65f314df92420c55833c1703","state":"accepted","date":"2024-03-14T15:16:47.476Z"}],"deviceHistory":[],"apportionByCategories":[],"enabledSeats":[{"available":false,"_id":"65f314d44411559f35b4385d","seat":"1","userId":"654a5148bf3e9410d0bcd39a"},{"available":false,"_id":"65f314d44411559f35b4385e","seat":"2","userId":"65e8e076337a90a35ba6e8dd"},{"available":false,"_id":"65f314d44411559f35b4385f","seat":"3","userId":"65e092afca7842b1032f12e2"}],"customParams":[],"customParamsAtTheEnd":[],"preTripChecklist":[],"startCapacity":3,"createdAt":"2024-03-14T15:16:36.966Z","updatedAt":"2024-03-14T15:16:58.418Z","__v":6,"token":"4355d9c9043642598fb578601aa26618a33d654987ab0725f631dceca86e78e42d64bb594ebf46b83dd36ce766c914af68700bfa01c3a7005bca622545e6b77b","boardings":3,"unboardings":3,"realEndLocation":{"_id":"65f314ea4411559f35b438d6","lat":-72.6071614,"lon":-38.7651863,"loc":[-38.7651863,-72.6071614]},"endedAt":"2024-03-14T15:16:58.414Z"} 
 </msg>
<msg timestamp="20240314 12:16:58.475" level="INFO">${response} = &lt;Response [200]&gt;</msg>
<status status="PASS" starttime="20240314 12:16:57.570" endtime="20240314 12:16:58.477"/>
</kw>
<kw name="Convert To String" library="BuiltIn">
<var>${code}</var>
<arg>${response.status_code}</arg>
<doc>Converts the given item to a Unicode string.</doc>
<msg timestamp="20240314 12:16:58.479" level="INFO">${code} = 200</msg>
<status status="PASS" starttime="20240314 12:16:58.478" endtime="20240314 12:16:58.479"/>
</kw>
<kw name="Status Should Be" library="RequestsLibrary">
<arg>200</arg>
<doc>Fails if response status code is different than the expected.</doc>
<status status="PASS" starttime="20240314 12:16:58.480" endtime="20240314 12:16:58.480"/>
</kw>
<kw name="Log" library="BuiltIn">
<arg>${code}</arg>
<doc>Logs the given message with the given level.</doc>
<msg timestamp="20240314 12:16:58.482" level="INFO">200</msg>
<status status="PASS" starttime="20240314 12:16:58.481" endtime="20240314 12:16:58.482"/>
</kw>
<status status="PASS" starttime="20240314 12:16:57.565" endtime="20240314 12:16:58.483"/>
</test>
<test id="s1-t28" name="Stop Post Leg Departure" line="635">
<kw name="Create Session" library="RequestsLibrary">
<arg>mysesion</arg>
<arg>${STAGE_URL}</arg>
<arg>verify=true</arg>
<doc>Create Session: create a HTTP session to a server</doc>
<msg timestamp="20240314 12:16:58.488" level="INFO">Creating Session using : alias=mysesion, url=https://stage.allrideapp.com, headers={},                     cookies={}, auth=None, timeout=None, proxies=None, verify=True,                     debug=0 </msg>
<status status="PASS" starttime="20240314 12:16:58.487" endtime="20240314 12:16:58.488"/>
</kw>
<kw name="Create Dictionary" library="BuiltIn">
<var>${headers}</var>
<arg>Authorization=${departureToken}</arg>
<arg>Content-Type=application/json</arg>
<doc>Creates and returns a dictionary based on the given ``items``.</doc>
<msg timestamp="20240314 12:16:58.490" level="INFO">${headers} = {'Authorization': 'Bearer 4355d9c9043642598fb578601aa26618a33d654987ab0725f631dceca86e78e42d64bb594ebf46b83dd36ce766c914af68700bfa01c3a7005bca622545e6b77b', 'Content-Type': 'application/json'}</msg>
<status status="PASS" starttime="20240314 12:16:58.489" endtime="20240314 12:16:58.490"/>
</kw>
<kw name="POST On Session" library="RequestsLibrary">
<var>${response}</var>
<arg>mysesion</arg>
<arg>url=/api/v2/pb/driver/departure/stop</arg>
<arg>data={"customParamsAtEnd":[],"customParamsAtStart":null,"endLat":"-72.6071614","endLon":"-38.7651863","nextLeg":false,"post":{"customParamsAtEnd":null,"customParamsAtStart":null,"preTripChecklist":null},"pre":{"customParamsAtEnd":null,"customParamsAtStart":null,"preTripChecklist":null},"preTripChecklist":null,"service":{"customParamsAtEnd":null,"customParamsAtStart":null,"preTripChecklist":null},"shareToUsers":false}</arg>
<arg>headers=${headers}</arg>
<doc>Sends a POST request on a previously created HTTP Session.</doc>
<msg timestamp="20240314 12:16:59.439" level="INFO">POST Request : url=https://stage.allrideapp.com/api/v2/pb/driver/departure/stop 
 path_url=/api/v2/pb/driver/departure/stop 
 headers={'User-Agent': 'python-requests/2.31.0', 'Accept-Encoding': 'gzip, deflate', 'Accept': '*/*', 'Connection': 'keep-alive', 'Authorization': 'Bearer 4355d9c9043642598fb578601aa26618a33d654987ab0725f631dceca86e78e42d64bb594ebf46b83dd36ce766c914af68700bfa01c3a7005bca622545e6b77b', 'Content-Type': 'application/json', 'Content-Length': '415'} 
 body={"customParamsAtEnd":[],"customParamsAtStart":null,"endLat":"-72.6071614","endLon":"-38.7651863","nextLeg":false,"post":{"customParamsAtEnd":null,"customParamsAtStart":null,"preTripChecklist":null},"pre":{"customParamsAtEnd":null,"customParamsAtStart":null,"preTripChecklist":null},"preTripChecklist":null,"service":{"customParamsAtEnd":null,"customParamsAtStart":null,"preTripChecklist":null},"shareToUsers":false} 
 </msg>
<msg timestamp="20240314 12:16:59.439" level="INFO">POST Response : url=https://stage.allrideapp.com/api/v2/pb/driver/departure/stop 
 status=200, reason=OK 
 headers={'Date': 'Thu, 14 Mar 2024 15:16:59 GMT', 'Content-Type': 'application/json; charset=utf-8', 'Content-Length': '3879', 'Connection': 'keep-alive', 'Server': 'nginx', 'X-DNS-Prefetch-Control': 'off', 'X-Frame-Options': 'SAMEORIGIN', 'Strict-Transport-Security': 'max-age=15552000; includeSubDomains', 'X-Download-Options': 'noopen', 'X-Content-Type-Options': 'nosniff', 'X-XSS-Protection': '1; mode=block', 'Access-Control-Allow-Origin': '*', 'ETag': 'W/"f27-6qF5j/YowQCGtJFVp7DvGgk+GU0"'} 
 body={"restrictPassengers":{"enabled":false,"passengersMustComply":true,"allowedOnValidation":[],"allowedOnReservation":[],"allowedOnVisibility":[]},"superCommunities":[],"communities":["653fd601f90509541a748683"],"assistantIds":[],"active":false,"sharing":true,"disabled":false,"internal":false,"rounds":0,"distance":0,"scheduled":true,"odd":false,"estimatedDistance":0,"extraMinutes":0,"placeWaitTime":0,"hasExternalGPS":false,"allowsServiceSnapshots":false,"allowsNonServiceSnapshots":false,"allowsSnapshots":false,"allowsDistance":false,"usesOfflineCount":false,"_id":"65f314d44411559f35b4385c","communityId":"653fd601f90509541a748683","driverId":"6582e724938e4e7b3bcf9f0a","driverCode":"753","drivers":[],"vehicleId":"6553b81315e27f4db2b45935","busCode":"ABCD12","capacity":0,"routeId":"65f314ce4411559f35b4383a","serviceId":"65f314ce4411559f35b4384c","serviceDate":"2024-03-15T01:00:00.000Z","reservations":[{"waitTime":0,"validated":true,"fromApp":false,"joined":false,"approvedByDriver":true,"_id":"65f314da92420c55833c16dd","userId":"65e8e076337a90a35ba6e8dd","seat":"2","stopId":"655d11d88a5a1a1ff0328464"},{"waitTime":0,"validated":false,"fromApp":false,"joined":false,"approvedByDriver":true,"_id":"65f314db92420c55833c16ed","userId":"654a5148bf3e9410d0bcd39a","seat":"1","stopId":"655d11d88a5a1a1ff0328464"},{"waitTime":0,"validated":false,"fromApp":false,"joined":false,"approvedByDriver":true,"_id":"65f314dd4411559f35b43885","userId":"65e092afca7842b1032f12e2","seat":"3","stopId":"655d11d88a5a1a1ff0328464"}],"state":"accepted","categories":[],"trail":[],"legs":[{"distance":0,"_id":"65f314e092420c55833c170e","type":"pre","startedAt":"2024-03-14T15:16:48.379Z","realStartLocation":{"_id":"65f314e092420c55833c170f","lat":-33.3908833,"lon":-70.54620129999999,"loc":[-70.54620129999999,-33.3908833]},"preTripChecklist":[],"customParamsAtStart":[],"driverId":"6582e724938e4e7b3bcf9f0a","customParamsAtTheEnd":[],"realEndLocation":{"_id":"65f314ea4411559f35b438d7","lat":-72.6071614,"lon":-38.7651863,"loc":[-38.7651863,-72.6071614]},"endedAt":"2024-03-14T15:16:58.410Z"},{"distance":0,"_id":"65f314ea4411559f35b438d8","type":"post","startedAt":"2024-03-14T15:16:58.413Z","realStartLocation":{"_id":"65f314ea4411559f35b438d9","lat":-72.6071614,"lon":-38.7651863,"loc":[-38.7651863,-72.6071614]},"driverId":"6582e724938e4e7b3bcf9f0a","preTripChecklist":[],"customParamsAtStart":[],"customParamsAtTheEnd":[],"realEndLocation":{"_id":"65f314eb92420c55833c176e","lat":-72.6071614,"lon":-38.7651863,"loc":[-38.7651863,-72.6071614]},"endedAt":"2024-03-14T15:16:59.352Z"}],"stateHistory":[{"_id":"65f314d44411559f35b43860","state":"pending","date":"2024-03-14T15:16:36.966Z"},{"_id":"65f314df92420c55833c1700","state":"accepted","driverId":"6582e724938e4e7b3bcf9f0a","date":"2024-03-14T15:16:47.429Z"},{"_id":"65f314df92420c55833c1701","state":"accepted","driverId":"6582e724938e4e7b3bcf9f0a","date":"2024-03-14T15:16:47.455Z"},{"_id":"65f314df92420c55833c1703","state":"accepted","date":"2024-03-14T15:16:47.476Z"}],"deviceHistory":[],"apportionByCategories":[],"enabledSeats":[{"available":false,"_id":"65f314d44411559f35b4385d","seat":"1","userId":"654a5148bf3e9410d0bcd39a"},{"available":false,"_id":"65f314d44411559f35b4385e","seat":"2","userId":"65e8e076337a90a35ba6e8dd"},{"available":false,"_id":"65f314d44411559f35b4385f","seat":"3","userId":"65e092afca7842b1032f12e2"}],"customParams":[],"customParamsAtTheEnd":[],"preTripChecklist":[],"startCapacity":3,"createdAt":"2024-03-14T15:16:36.966Z","updatedAt":"2024-03-14T15:16:59.376Z","__v":6,"token":"4355d9c9043642598fb578601aa26618a33d654987ab0725f631dceca86e78e42d64bb594ebf46b83dd36ce766c914af68700bfa01c3a7005bca622545e6b77b","boardings":3,"unboardings":3,"endedAt":"2024-03-14T15:16:59.370Z","realEndLocation":{"_id":"65f314eb92420c55833c176f","lat":-72.6071614,"lon":-38.7651863,"loc":[-38.7651863,-72.6071614]}} 
 </msg>
<msg timestamp="20240314 12:16:59.439" level="INFO">${response} = &lt;Response [200]&gt;</msg>
<status status="PASS" starttime="20240314 12:16:58.491" endtime="20240314 12:16:59.440"/>
</kw>
<kw name="Convert To String" library="BuiltIn">
<var>${code}</var>
<arg>${response.status_code}</arg>
<doc>Converts the given item to a Unicode string.</doc>
<msg timestamp="20240314 12:16:59.442" level="INFO">${code} = 200</msg>
<status status="PASS" starttime="20240314 12:16:59.440" endtime="20240314 12:16:59.442"/>
</kw>
<kw name="Status Should Be" library="RequestsLibrary">
<arg>200</arg>
<doc>Fails if response status code is different than the expected.</doc>
<status status="PASS" starttime="20240314 12:16:59.443" endtime="20240314 12:16:59.443"/>
</kw>
<kw name="Log" library="BuiltIn">
<arg>${code}</arg>
<doc>Logs the given message with the given level.</doc>
<msg timestamp="20240314 12:16:59.445" level="INFO">200</msg>
<status status="PASS" starttime="20240314 12:16:59.444" endtime="20240314 12:16:59.445"/>
</kw>
<status status="PASS" starttime="20240314 12:16:58.485" endtime="20240314 12:16:59.445"/>
</test>
<status status="FAIL" starttime="20240314 12:16:25.595" endtime="20240314 12:16:59.448"/>
</suite>
<statistics>
<total>
<stat pass="24" fail="4" skip="0">All Tests</stat>
</total>
<tag>
</tag>
<suite>
<stat pass="24" fail="4" skip="0" id="s1" name="Createscheduled">Createscheduled</stat>
</suite>
</statistics>
<errors>
</errors>
</robot>
